d:\documents2\vulkan\lava-sandbox\demo\compiler\vc14win64\build\win64\release\vc140.pdb
d:\documents2\vulkan\lava-sandbox\demo\compiler\vc14win64\build\win64\release\voxelize.obj
d:\documents2\vulkan\lava-sandbox\demo\compiler\vc14win64\build\win64\release\tga.obj
d:\documents2\vulkan\lava-sandbox\demo\compiler\vc14win64\build\win64\release\sdf.obj
d:\documents2\vulkan\lava-sandbox\demo\compiler\vc14win64\build\win64\release\png.obj
d:\documents2\vulkan\lava-sandbox\demo\compiler\vc14win64\build\win64\release\platform.obj
d:\documents2\vulkan\lava-sandbox\demo\compiler\vc14win64\build\win64\release\pfm.obj
d:\documents2\vulkan\lava-sandbox\demo\compiler\vc14win64\build\win64\release\perlin.obj
d:\documents2\vulkan\lava-sandbox\demo\compiler\vc14win64\build\win64\release\mesh.obj
d:\documents2\vulkan\lava-sandbox\demo\compiler\vc14win64\build\win64\release\maths.obj
d:\documents2\vulkan\lava-sandbox\demo\compiler\vc14win64\build\win64\release\extrude.obj
d:\documents2\vulkan\lava-sandbox\demo\compiler\vc14win64\build\win64\release\core.obj
d:\documents2\vulkan\lava-sandbox\demo\compiler\vc14win64\build\win64\release\aabbtree.obj
d:\documents2\vulkan\lava-sandbox\demo\compiler\vc14win64\build\win64\release\project.obj
d:\documents2\vulkan\lava-sandbox\demo\compiler\vc14win64\build\win64\release\model.obj
d:\documents2\vulkan\lava-sandbox\demo\compiler\vc14win64\build\win64\release\material.obj
d:\documents2\vulkan\lava-sandbox\demo\compiler\vc14win64\build\win64\release\shadersdemocontext.obj
d:\documents2\vulkan\lava-sandbox\demo\compiler\vc14win64\build\win64\release\shadersgl.obj
d:\documents2\vulkan\lava-sandbox\demo\compiler\vc14win64\build\win64\release\democontextogl.obj
d:\documents2\vulkan\lava-sandbox\demo\compiler\vc14win64\build\win64\release\main.obj
d:\documents2\vulkan\lava-sandbox\demo\compiler\vc14win64\build\win64\release\imgui.obj
d:\documents2\vulkan\lava-sandbox\demo\compiler\vc14win64\build\win64\release\fluidsmoothrenderpipelined3d12.obj
d:\documents2\vulkan\lava-sandbox\demo\compiler\vc14win64\build\win64\release\fluidellipsoidrenderpipelined3d12.obj
d:\documents2\vulkan\lava-sandbox\demo\compiler\vc14win64\build\win64\release\fluidcompositerenderpipelined3d12.obj
d:\documents2\vulkan\lava-sandbox\demo\compiler\vc14win64\build\win64\release\diffusepointrenderpipelined3d12.obj
d:\documents2\vulkan\lava-sandbox\demo\compiler\vc14win64\build\win64\release\democontextd3d12.obj
d:\documents2\vulkan\lava-sandbox\demo\compiler\vc14win64\build\win64\release\bufferd3d12.obj
d:\documents2\vulkan\lava-sandbox\demo\compiler\vc14win64\build\win64\release\appd3d12ctx.obj
d:\documents2\vulkan\lava-sandbox\demo\compiler\vc14win64\build\win64\release\shadowmapd3d11.obj
d:\documents2\vulkan\lava-sandbox\demo\compiler\vc14win64\build\win64\release\rendertargetd3d11.obj
d:\documents2\vulkan\lava-sandbox\demo\compiler\vc14win64\build\win64\release\pointrenderd3d11.obj
d:\documents2\vulkan\lava-sandbox\demo\compiler\vc14win64\build\win64\release\meshrenderd3d11.obj
d:\documents2\vulkan\lava-sandbox\demo\compiler\vc14win64\build\win64\release\imguiinteropd3d11.obj
d:\documents2\vulkan\lava-sandbox\demo\compiler\vc14win64\build\win64\release\imguigraphd3d11.obj
d:\documents2\vulkan\lava-sandbox\demo\compiler\vc14win64\build\win64\release\fluidrenderd3d11.obj
d:\documents2\vulkan\lava-sandbox\demo\compiler\vc14win64\build\win64\release\diffuserenderd3d11.obj
d:\documents2\vulkan\lava-sandbox\demo\compiler\vc14win64\build\win64\release\democontextd3d11.obj
d:\documents2\vulkan\lava-sandbox\demo\compiler\vc14win64\build\win64\release\debuglinerenderd3d11.obj
d:\documents2\vulkan\lava-sandbox\demo\compiler\vc14win64\build\win64\release\appd3d11ctx.obj
d:\documents2\vulkan\lava-sandbox\demo\compiler\vc14win64\build\win64\release\shader.obj
d:\documents2\vulkan\lava-sandbox\demo\compiler\vc14win64\build\win64\release\imguirendergl.obj
d:\documents2\vulkan\lava-sandbox\demo\compiler\vc14win64\build\win64\release\pointrenderpipelined3d12.obj
d:\documents2\vulkan\lava-sandbox\demo\compiler\vc14win64\build\win64\release\pipelineutild3d12.obj
d:\documents2\vulkan\lava-sandbox\demo\compiler\vc14win64\build\win64\release\nvcofreelist.obj
d:\documents2\vulkan\lava-sandbox\demo\compiler\vc14win64\build\win64\release\nvcodxformatutil.obj
d:\documents2\vulkan\lava-sandbox\demo\compiler\vc14win64\build\win64\release\nvcodxdebugutil.obj
d:\documents2\vulkan\lava-sandbox\demo\compiler\vc14win64\build\win64\release\nvcodx12resourcescopemanager.obj
d:\documents2\vulkan\lava-sandbox\demo\compiler\vc14win64\build\win64\release\nvcodx12resource.obj
d:\documents2\vulkan\lava-sandbox\demo\compiler\vc14win64\build\win64\release\nvcodx12rendertarget.obj
d:\documents2\vulkan\lava-sandbox\demo\compiler\vc14win64\build\win64\release\nvcodx12helperutil.obj
d:\documents2\vulkan\lava-sandbox\demo\compiler\vc14win64\build\win64\release\nvcodx12descriptorheap.obj
d:\documents2\vulkan\lava-sandbox\demo\compiler\vc14win64\build\win64\release\nvcodx12counterfence.obj
d:\documents2\vulkan\lava-sandbox\demo\compiler\vc14win64\build\win64\release\nvcodx12circularresourceheap.obj
d:\documents2\vulkan\lava-sandbox\demo\compiler\vc14win64\build\win64\release\meshutil.obj
d:\documents2\vulkan\lava-sandbox\demo\compiler\vc14win64\build\win64\release\meshrenderpipelined3d12.obj
d:\documents2\vulkan\lava-sandbox\demo\compiler\vc14win64\build\win64\release\meshrendererd3d12.obj
d:\documents2\vulkan\lava-sandbox\demo\compiler\vc14win64\build\win64\release\meshrenderer.obj
d:\documents2\vulkan\lava-sandbox\demo\compiler\vc14win64\build\win64\release\linerenderpipelined3d12.obj
d:\documents2\vulkan\lava-sandbox\demo\compiler\vc14win64\build\win64\release\imguiinteropd3d12.obj
d:\documents2\vulkan\lava-sandbox\demo\compiler\vc14win64\build\win64\release\imguigraphd3d12.obj
d:\documents2\vulkan\lava-sandbox\demo\compiler\vc14win64\build\win64\release\fluidthicknessrenderpipelined3d12.obj
d:\documents2\vulkan\lava-sandbox\demo\compiler\vc14win64\build\win64\release\renderparamsd3d.obj
d:\documents2\vulkan\lava-sandbox\demo\compiler\vc14win64\build\win64\release\loader.obj
d:\documents2\vulkan\lava-sandbox\demo\compiler\vc14win64\build\win64\release\imguigraphloader.obj
d:\documents2\vulkan\lava-sandbox\demo\compiler\vc14win64\build\win64\release\imguigraph.obj
d:\documents2\vulkan\lava-sandbox\demo\compiler\vc14win64\build\win64\release\appgraphctxloader.obj
d:\documents2\vulkan\lava-sandbox\demo\compiler\vc14win64\build\win64\release\renderstated3d12.obj
d:\documents2\vulkan\lava-sandbox\bin\win64\nvflexdemoreleasecuda_x64.lib
d:\documents2\vulkan\lava-sandbox\bin\win64\nvflexdemoreleasecuda_x64.exp
d:\documents2\vulkan\lava-sandbox\bin\win64\nvflexdemoreleasecuda_x64.exe
d:\documents2\vulkan\lava-sandbox\bin\win64\nvflexdemoreleasecuda_x64.ipdb
d:\documents2\vulkan\lava-sandbox\bin\win64\nvflexdemoreleasecuda_x64.iobj
d:\documents2\vulkan\lava-sandbox\bin\win64\nvflexdemoreleasecuda_x64.exe.pdb
d:\documents2\vulkan\lava-sandbox\demo\compiler\vc14win64\build\win64\release\flexdemocuda.res
d:\documents2\vulkan\lava-sandbox\demo\compiler\vc14win64\./../../../bin/win64\nvflexdemoreleasecuda_x64.exe
d:\documents2\vulkan\lava-sandbox\demo\compiler\vc14win64\build\win64\release\flexdemocuda.tlog\cl.command.1.tlog
d:\documents2\vulkan\lava-sandbox\demo\compiler\vc14win64\build\win64\release\flexdemocuda.tlog\cl.read.1.tlog
d:\documents2\vulkan\lava-sandbox\demo\compiler\vc14win64\build\win64\release\flexdemocuda.tlog\cl.write.1.tlog
d:\documents2\vulkan\lava-sandbox\demo\compiler\vc14win64\build\win64\release\flexdemocuda.tlog\flexdemocuda.write.1u.tlog
d:\documents2\vulkan\lava-sandbox\demo\compiler\vc14win64\build\win64\release\flexdemocuda.tlog\link.command.1.tlog
d:\documents2\vulkan\lava-sandbox\demo\compiler\vc14win64\build\win64\release\flexdemocuda.tlog\link.read.1.tlog
d:\documents2\vulkan\lava-sandbox\demo\compiler\vc14win64\build\win64\release\flexdemocuda.tlog\link.write.1.tlog
d:\documents2\vulkan\lava-sandbox\demo\compiler\vc14win64\build\win64\release\flexdemocuda.tlog\rc.command.1.tlog
d:\documents2\vulkan\lava-sandbox\demo\compiler\vc14win64\build\win64\release\flexdemocuda.tlog\rc.read.1.tlog
d:\documents2\vulkan\lava-sandbox\demo\compiler\vc14win64\build\win64\release\flexdemocuda.tlog\rc.write.1.tlog
