Build started 16/12/2021 9:56:22 PM.
     1>Project "D:\Documents2\Vulkan\FleX-master\extensions\compiler\vc14win64\flexExtD3D.vcxproj" on node 2 (Build target(s)).
     1>Building with tools version "15.0".
       Target "EnableIntermediateOutputPathMismatchWarning" skipped, due to false condition; ('$(RestoreProjectStyle)' == 'PackageReference') was evaluated as ('' == 'PackageReference').
     1>Target "_CheckForInvalidConfigurationAndPlatform" in file "D:\Documents2\Visual Studio 2017\visual studio\MSBuild\15.0\Bin\Microsoft.Common.CurrentVersion.targets" from project "D:\Documents2\Vulkan\FleX-master\extensions\compiler\vc14win64\flexExtD3D.vcxproj" (target "SetTelemetryEnvironmentVariables" depends on it):
       Task "Error" skipped, due to false condition; ( '$(_InvalidConfigurationError)' == 'true' ) was evaluated as ( '' == 'true' ).
       Task "Warning" skipped, due to false condition; ( '$(_InvalidConfigurationWarning)' == 'true' ) was evaluated as ( '' == 'true' ).
       Using "Message" task from assembly "Microsoft.Build.Tasks.Core, Version=15.1.0.0, Culture=neutral, PublicKeyToken=b03f5f7f11d50a3a".
       Task "Message"
         Configuration=debug
       Done executing task "Message".
       Task "Message"
         Platform=x64
       Done executing task "Message".
       Task "Error" skipped, due to false condition; ('$(OutDir)' != '' and !HasTrailingSlash('$(OutDir)')) was evaluated as ('./../../../bin/win64\' != '' and !HasTrailingSlash('./../../../bin/win64\')).
       Task "Error" skipped, due to false condition; ('$(BaseIntermediateOutputPath)' != '' and !HasTrailingSlash('$(BaseIntermediateOutputPath)')) was evaluated as ('obj\' != '' and !HasTrailingSlash('obj\')).
       Task "Error" skipped, due to false condition; ('$(IntermediateOutputPath)' != '' and !HasTrailingSlash('$(IntermediateOutputPath)')) was evaluated as ('./build/win64/DX/debug\' != '' and !HasTrailingSlash('./build/win64/DX/debug\')).
       Task "Error" skipped, due to false condition; ( '$(_InitialMSBuildProjectExtensionsPath)' != '' And '$(MSBuildProjectExtensionsPath)' != '$(_InitialMSBuildProjectExtensionsPath)' ) was evaluated as ( 'D:\Documents2\Vulkan\FleX-master\extensions\compiler\vc14win64\obj\' != '' And 'D:\Documents2\Vulkan\FleX-master\extensions\compiler\vc14win64\obj\' != 'D:\Documents2\Vulkan\FleX-master\extensions\compiler\vc14win64\obj\' ).
       Task "Warning" skipped, due to false condition; ( '$(EnableBaseIntermediateOutputPathMismatchWarning)' == 'true' And '$(_InitialBaseIntermediateOutputPath)' != '$(BaseIntermediateOutputPath)' And '$(BaseIntermediateOutputPath)' != '$(MSBuildProjectExtensionsPath)' ) was evaluated as ( '' == 'true' And 'obj\' != 'obj\' And 'obj\' != 'D:\Documents2\Vulkan\FleX-master\extensions\compiler\vc14win64\obj\' ).
     1>Done building target "_CheckForInvalidConfigurationAndPlatform" in project "flexExtD3D.vcxproj".
       Target "_CheckForInvalidConfigurationAndPlatform" skipped. Previously built successfully.
     1>Target "SetTelemetryEnvironmentVariables" in file "D:\Documents2\Visual Studio 2017\visual studio\Common7\IDE\VC\VCTargets\Microsoft.Cpp.DesignTime.targets" from project "D:\Documents2\Vulkan\FleX-master\extensions\compiler\vc14win64\flexExtD3D.vcxproj" (target "Build" depends on it):
       Using "SetEnv" task from assembly "D:\Documents2\Visual Studio 2017\visual studio\Common7\IDE\VC\VCTargets\Microsoft.Build.CppTasks.Common.dll".
       Task "SetEnv"
         VSTEL_SolutionSessionID={35405819-7EB6-4616-B28C-38A00B8E36BE}
       Done executing task "SetEnv".
       Task "SetEnv"
         VSTEL_CurrentSolutionBuildID=4940364
       Done executing task "SetEnv".
       Task "SetEnv"
         VSTEL_ProjectID={9B42889D-2F0D-0378-E87E-82C8D918DB4D}
       Done executing task "SetEnv".
     1>Done building target "SetTelemetryEnvironmentVariables" in project "flexExtD3D.vcxproj".
     1>Target "_PrepareForBuild" in file "D:\Documents2\Visual Studio 2017\visual studio\Common7\IDE\VC\VCTargets\Microsoft.BuildSteps.Targets" from project "D:\Documents2\Vulkan\FleX-master\extensions\compiler\vc14win64\flexExtD3D.vcxproj" (target "Build" depends on it):
       Task "CreateItem" skipped, due to false condition; ('%(CustomBuild.IncludeFileToTool)'!='') was evaluated as (''!='').
     1>Done building target "_PrepareForBuild" in project "flexExtD3D.vcxproj".
     1>Target "_PrepareForReferenceResolution" in file "D:\Documents2\Visual Studio 2017\visual studio\Common7\IDE\VC\VCTargets\Microsoft.CppBuild.targets" from project "D:\Documents2\Vulkan\FleX-master\extensions\compiler\vc14win64\flexExtD3D.vcxproj" (target "ResolveReferences" depends on it):
       Task "Message" skipped, due to false condition; ('$(_REFERENCE_DEBUG)'=='true') was evaluated as (''=='true').
     1>Done building target "_PrepareForReferenceResolution" in project "flexExtD3D.vcxproj".
       Target "ComputeCrtSDKReference" skipped, due to false condition; ('@(ClCompile)'!='' and '$(WindowsAppContainer)'=='true' and '$(UseCrtSDKReference)' != 'false') was evaluated as ('..\..\..\core\sdf.cpp;..\..\..\core\voxelize.cpp;..\..\..\core\maths.cpp;..\..\..\core\aabbtree.cpp;..\..\dx\flexExt.cpp;..\..\flexExtCloth.cpp;..\..\flexExtRigid.cpp;..\..\flexExtSoft.cpp;..\..\flexExtMovingFrame.cpp;..\..\flexExtContainer.cpp'!='' and 'false'=='true' and '' != 'false').
     1>Target "BeforeResolveReferences" in file "D:\Documents2\Visual Studio 2017\visual studio\MSBuild\15.0\Bin\Microsoft.Common.CurrentVersion.targets" from project "D:\Documents2\Vulkan\FleX-master\extensions\compiler\vc14win64\flexExtD3D.vcxproj" (target "ResolveReferences" depends on it):
     1>Done building target "BeforeResolveReferences" in project "flexExtD3D.vcxproj".
     1>Target "AssignProjectConfiguration" in file "D:\Documents2\Visual Studio 2017\visual studio\MSBuild\15.0\Bin\Microsoft.Common.CurrentVersion.targets" from project "D:\Documents2\Vulkan\FleX-master\extensions\compiler\vc14win64\flexExtD3D.vcxproj" (target "ResolveReferences" depends on it):
       Using "AssignProjectConfiguration" task from assembly "Microsoft.Build.Tasks.Core, Version=15.1.0.0, Culture=neutral, PublicKeyToken=b03f5f7f11d50a3a".
       Task "AssignProjectConfiguration"
       Done executing task "AssignProjectConfiguration".
     1>Done building target "AssignProjectConfiguration" in project "flexExtD3D.vcxproj".
       Target "AssignProjectConfiguration" skipped. Previously built successfully.
     1>Target "_SplitProjectReferencesByFileExistence" in file "D:\Documents2\Visual Studio 2017\visual studio\MSBuild\15.0\Bin\Microsoft.Common.CurrentVersion.targets" from project "D:\Documents2\Vulkan\FleX-master\extensions\compiler\vc14win64\flexExtD3D.vcxproj" (target "PrepareProjectReferences" depends on it):
       Task "ResolveNonMSBuildProjectOutput" skipped, due to false condition; ('$(BuildingInsideVisualStudio)'=='true' and '@(ProjectReferenceWithConfiguration)'!='') was evaluated as ('true'=='true' and ''!='').
     1>Done building target "_SplitProjectReferencesByFileExistence" in project "flexExtD3D.vcxproj".
     1>Target "_GetProjectReferenceTargetFrameworkProperties" in file "D:\Documents2\Visual Studio 2017\visual studio\MSBuild\15.0\Bin\Microsoft.Common.CurrentVersion.targets" from project "D:\Documents2\Vulkan\FleX-master\extensions\compiler\vc14win64\flexExtD3D.vcxproj" (target "PrepareProjectReferences" depends on it):
       Using "MSBuild" task from assembly "Microsoft.Build.Tasks.Core, Version=15.1.0.0, Culture=neutral, PublicKeyToken=b03f5f7f11d50a3a".
       Task "MSBuild"
       Done executing task "MSBuild".
       Task "GetReferenceNearestTargetFrameworkTask" skipped, due to false condition; ('@(_ProjectReferenceTargetFrameworkPossibilities->Count())' != '0' and '$(ReferringTargetFrameworkForProjectReferences)' != '') was evaluated as ('0' != '0' and '.NETFramework,Version=v4.0' != '').
     1>Done building target "_GetProjectReferenceTargetFrameworkProperties" in project "flexExtD3D.vcxproj".
     1>Target "PrepareProjectReferences" in file "D:\Documents2\Visual Studio 2017\visual studio\MSBuild\15.0\Bin\Microsoft.Common.CurrentVersion.targets" from project "D:\Documents2\Vulkan\FleX-master\extensions\compiler\vc14win64\flexExtD3D.vcxproj" (target "ResolveProjectReferences" depends on it):
     1>Done building target "PrepareProjectReferences" in project "flexExtD3D.vcxproj".
       Target "_RemoveNameMetadataFromProjectReferenceItems" skipped, due to false condition; ('@(ProjectReference)'!='') was evaluated as (''!='').
     1>Target "ResolveProjectReferences" in file "D:\Documents2\Visual Studio 2017\visual studio\MSBuild\15.0\Bin\Microsoft.Common.CurrentVersion.targets" from project "D:\Documents2\Vulkan\FleX-master\extensions\compiler\vc14win64\flexExtD3D.vcxproj" (target "ResolveReferences" depends on it):
       Task "MSBuild" skipped, due to false condition; ('%(_MSBuildProjectReferenceExistent.BuildReference)' == 'true' and '@(ProjectReferenceWithConfiguration)' != '' and ('$(BuildingInsideVisualStudio)' == 'true' or '$(BuildProjectReferences)' != 'true') and '$(VisualStudioVersion)' != '10.0' and '@(_MSBuildProjectReferenceExistent)' != '') was evaluated as ('' == 'true' and '' != '' and ('true' == 'true' or 'true' != 'true') and '15.0' != '10.0' and '' != '').
       Task "MSBuild" skipped, due to false condition; ('%(_MSBuildProjectReferenceExistent.BuildReference)' == 'true' and '@(ProjectReferenceWithConfiguration)' != '' and ('$(BuildingInsideVisualStudio)' == 'true' or '$(BuildProjectReferences)' != 'true') and '$(VisualStudioVersion)' == '10.0' and '@(_MSBuildProjectReferenceExistent)' != '') was evaluated as ('' == 'true' and '' != '' and ('true' == 'true' or 'true' != 'true') and '15.0' == '10.0' and '' != '').
       Task "MSBuild" skipped, due to false condition; ('%(_MSBuildProjectReferenceExistent.BuildReference)' == 'true' and '@(ProjectReferenceWithConfiguration)' != '' and '$(BuildingInsideVisualStudio)' != 'true' and '$(BuildProjectReferences)' == 'true' and '@(_MSBuildProjectReferenceExistent)' != '') was evaluated as ('' == 'true' and '' != '' and 'true' != 'true' and 'true' == 'true' and '' != '').
       Task "MSBuild" skipped, due to false condition; ('%(_MSBuildProjectReferenceExistent.BuildReference)' == 'true' and '@(ProjectReferenceWithConfiguration)' != '' and '$(BuildingProject)' == 'true' and '@(_MSBuildProjectReferenceExistent)' != '') was evaluated as ('' == 'true' and '' != '' and 'true' == 'true' and '' != '').
       Task "Warning" skipped, due to false condition; ('@(ProjectReferenceWithConfiguration)' != '' and '@(_MSBuildProjectReferenceNonexistent)' != '') was evaluated as ('' != '' and '' != '').
     1>Done building target "ResolveProjectReferences" in project "flexExtD3D.vcxproj".
       Target "FindInvalidProjectReferences" skipped, due to false condition; ('$(FindInvalidProjectReferences)' == 'true') was evaluated as ('' == 'true').
       Target "ResolveNativeReferences" skipped, due to false condition; ('@(NativeReference)'!='') was evaluated as (''!='').
       Target "_PrepareForReferenceResolution" skipped. Previously built successfully.
       Target "ResolveProjectReferences" skipped. Previously built successfully.
       Target "FindInvalidProjectReferences" skipped, due to false condition; ('$(FindInvalidProjectReferences)' == 'true') was evaluated as ('' == 'true').
     1>Target "GetFrameworkPaths" in file "D:\Documents2\Visual Studio 2017\visual studio\MSBuild\15.0\Bin\Microsoft.NETFramework.CurrentVersion.targets" from project "D:\Documents2\Vulkan\FleX-master\extensions\compiler\vc14win64\flexExtD3D.vcxproj" (target "ResolveAssemblyReferences" depends on it):
     1>Done building target "GetFrameworkPaths" in project "flexExtD3D.vcxproj".
       Target "_PrepareForReferenceResolution" skipped. Previously built successfully.
       Target "GetWinFXPath" skipped, due to false condition; (('@(Page)' != '' or '@(ApplicationDefinition)' != '' or '@(Resource)' != '') and ('$(GetWinFXNativePath)' != '' or '$(GetWinFXWoWPath)' != '' )) was evaluated as (('' != '' or '' != '' or '' != '') and ('' != '' or '' != '' )).
       Target "GetFrameworkPaths" skipped. Previously built successfully.
     1>Target "GetReferenceAssemblyPaths" in file "D:\Documents2\Visual Studio 2017\visual studio\MSBuild\15.0\Bin\Microsoft.Common.CurrentVersion.targets" from project "D:\Documents2\Vulkan\FleX-master\extensions\compiler\vc14win64\flexExtD3D.vcxproj" (target "ResolveAssemblyReferences" depends on it):
       Task "GetReferenceAssemblyPaths" skipped, due to false condition; ('$(TargetFrameworkMoniker)' != '' and ('$(_TargetFrameworkDirectories)' == '' or '$(_FullFrameworkReferenceAssemblyPaths)' == '')) was evaluated as ('' != '' and ('C:\Program Files (x86)\Reference Assemblies\Microsoft\Framework\.NETFramework\v4.0' == '' or 'C:\Program Files (x86)\Reference Assemblies\Microsoft\Framework\.NETFramework\v4.0' == '')).
     1>Done building target "GetReferenceAssemblyPaths" in project "flexExtD3D.vcxproj".
     1>Target "SetBuildDefaultEnvironmentVariables" in file "D:\Documents2\Visual Studio 2017\visual studio\Common7\IDE\VC\VCTargets\Microsoft.Cpp.Current.targets" from project "D:\Documents2\Vulkan\FleX-master\extensions\compiler\vc14win64\flexExtD3D.vcxproj" (target "PrepareForBuild" depends on it):
       Task "SetEnv"
         PATH=D:\Documents2\Visual Studio 2017\visual studio\VC\Tools\MSVC\14.16.27023\bin\HostX86\x64;D:\Documents2\Visual Studio 2017\visual studio\VC\Tools\MSVC\14.16.27023\bin\HostX86\x86;C:\Program Files (x86)\Windows Kits\10\bin\10.0.17763.0\x86;;D:\Documents2\Visual Studio 2017\visual studio\Common7\tools;D:\Documents2\Visual Studio 2017\visual studio\Common7\ide;C:\Program Files (x86)\HTML Help Workshop;;D:\Documents2\Visual Studio 2017\visual studio\MSBuild\15.0\Bin;C:\Windows\Microsoft.NET\Framework\v4.0.30319\;;C:\Program Files\NVIDIA GPU Computing Toolkit\CUDA\v9.2\bin;C:\Program Files\NVIDIA GPU Computing Toolkit\CUDA\v9.2\libnvvp;;C:\Program Files (x86)\Common Files\Oracle\Java\javapath;D:\Documents2\Python\Scripts\;D:\Documents2\Python\;C:\Program Files (x86)\Common Files\Intel\Shared Libraries\redist\intel64\compiler;C:\ProgramData\Oracle\Java\javapath;C:\Windows\system32;C:\Windows;C:\Windows\System32\Wbem;C:\Windows\System32\WindowsPowerShell\v1.0\;C:\Program Files\Intel\WiFi\bin\;C:\Program Files\Common Files\Intel\WirelessCommon\;C:\Program Files (x86)\GtkSharp\2.12\bin;C:\Program Files\dotnet\;C:\Program Files (x86)\NVIDIA Corporation\PhysX\Common;C:\Program Files\Microsoft SQL Server\130\Tools\Binn\;D:\Documents2\Git\cmd;C:\Program Files\NVIDIA Corporation\NVIDIA NvDLISR;D:\Documents2\DXSDK;C:\Program Files (x86)\dotnet\;C:\Program Files\Intel\WiFi\bin\;C:\Program Files\Common Files\Intel\WirelessCommon\;D:\Documents2\Microsoft VS Code\bin;C:\Users\Computer\.dotnet\tools;
       Done executing task "SetEnv".
       Task "SetEnv"
         LIB=D:\Documents2\Visual Studio 2017\visual studio\VC\Tools\MSVC\14.16.27023\lib\x64;;D:\Documents2\Visual Studio 2017\visual studio\VC\Tools\MSVC\14.16.27023\atlmfc\lib\x64;;D:\Documents2\Visual Studio 2017\visual studio\VC\Auxiliary\VS\lib\x64;;C:\Program Files (x86)\Windows Kits\10\lib\10.0.17763.0\ucrt\x64;;;D:\Documents2\Visual Studio 2017\visual studio\VC\Auxiliary\VS\UnitTest\lib;C:\Program Files (x86)\Windows Kits\10\lib\10.0.17763.0\um\x64;lib\um\x64;;Lib\um\x64
       Done executing task "SetEnv".
       Task "SetEnv"
         LIBPATH=D:\Documents2\Visual Studio 2017\visual studio\VC\Tools\MSVC\14.16.27023\atlmfc\lib\x64;;D:\Documents2\Visual Studio 2017\visual studio\VC\Tools\MSVC\14.16.27023\lib\x64;
       Done executing task "SetEnv".
       Task "SetEnv"
         INCLUDE=D:\Documents2\Visual Studio 2017\visual studio\VC\Tools\MSVC\14.16.27023\include;;D:\Documents2\Visual Studio 2017\visual studio\VC\Tools\MSVC\14.16.27023\atlmfc\include;;D:\Documents2\Visual Studio 2017\visual studio\VC\Auxiliary\VS\include;;C:\Program Files (x86)\Windows Kits\10\Include\10.0.17763.0\ucrt;;;D:\Documents2\Visual Studio 2017\visual studio\VC\Auxiliary\VS\UnitTest\include;C:\Program Files (x86)\Windows Kits\10\Include\10.0.17763.0\um;C:\Program Files (x86)\Windows Kits\10\Include\10.0.17763.0\shared;C:\Program Files (x86)\Windows Kits\10\Include\10.0.17763.0\winrt;C:\Program Files (x86)\Windows Kits\10\Include\10.0.17763.0\cppwinrt;Include\um;
       Done executing task "SetEnv".
     1>Done building target "SetBuildDefaultEnvironmentVariables" in project "flexExtD3D.vcxproj".
       Target "SetUserMacroEnvironmentVariables" skipped, due to false condition; ('@(BuildMacro)' != '' and '$(DesignTimeBuild)' != 'true') was evaluated as ('' != '' and '' != 'true').
       Target "_PrepareForReferenceResolution" skipped. Previously built successfully.
     1>Target "GetResolvedWinMD" in file "D:\Documents2\Visual Studio 2017\visual studio\Common7\IDE\VC\VCTargets\Microsoft.CppBuild.targets" from project "D:\Documents2\Vulkan\FleX-master\extensions\compiler\vc14win64\flexExtD3D.vcxproj" (target "PrepareForBuild" depends on it):
     1>Done building target "GetResolvedWinMD" in project "flexExtD3D.vcxproj".
     1>Target "PlatformPrepareForBuild" in file "D:\Documents2\Visual Studio 2017\visual studio\Common7\IDE\VC\VCTargets\Microsoft.Cpp.Platform.targets" from project "D:\Documents2\Vulkan\FleX-master\extensions\compiler\vc14win64\flexExtD3D.vcxproj" (target "PrepareForBuild" depends on it):
       Task "VCMessage" skipped, due to false condition; ('$(_Error64bitToolsNotInstalled)' == 'true') was evaluated as ('' == 'true').
       Task "VCMessage" skipped, due to false condition; ('$(DesignTimeBuild)'!='true' and '$(_ToolsetFound)' != 'true' and '$(PlatformToolset)' == '') was evaluated as (''!='true' and 'true' != 'true' and 'v141' == '').
       Task "VCMessage" skipped, due to false condition; ('$(DesignTimeBuild)'!='true' and '$(_ToolsetFound)' != 'true' and '$(PlatformToolset)' == 'v110') was evaluated as (''!='true' and 'true' != 'true' and 'v141' == 'v110').
       Task "VCMessage" skipped, due to false condition; ('$(DesignTimeBuild)'!='true' and '$(_ToolsetFound)' != 'true' and '$(PlatformToolset)' == 'v100') was evaluated as (''!='true' and 'true' != 'true' and 'v141' == 'v100').
       Task "VCMessage" skipped, due to false condition; ('$(DesignTimeBuild)'!='true' and '$(_ToolsetFound)' != 'true' and '$(PlatformToolset)' == 'v90') was evaluated as (''!='true' and 'true' != 'true' and 'v141' == 'v90').
       Task "VCMessage" skipped, due to false condition; ('$(DesignTimeBuild)'!='true' and '$(_ToolsetFound)' != 'true' and '$(PlatformToolset)' != 'v90' and '$(PlatformToolset)' != 'v100' and '$(PlatformToolset)' != 'v110') was evaluated as (''!='true' and 'true' != 'true' and 'v141' != 'v90' and 'v141' != 'v100' and 'v141' != 'v110').
     1>Done building target "PlatformPrepareForBuild" in project "flexExtD3D.vcxproj".
     1>Target "_CheckWindowsSDKInstalled" in file "D:\Documents2\Visual Studio 2017\visual studio\Common7\IDE\VC\VCTargets\Microsoft.Cpp.WindowsSDK.targets" from project "D:\Documents2\Vulkan\FleX-master\extensions\compiler\vc14win64\flexExtD3D.vcxproj" (target "PrepareForBuild" depends on it):
       Task "VCMessage" skipped, due to false condition; ('$(WindowsSDKInstalled)' != 'true') was evaluated as ('true' != 'true').
       Task "VCMessage" skipped, due to false condition; ('$(WindowsAppContainer)' != 'true' and '$(WindowsSDK_Desktop_Support)' != true) was evaluated as ('false' != 'true' and 'true' != true).
     1>Done building target "_CheckWindowsSDKInstalled" in project "flexExtD3D.vcxproj".
       Target "GetFrameworkPaths" skipped. Previously built successfully.
       Target "GetReferenceAssemblyPaths" skipped. Previously built successfully.
       Target "AssignLinkMetadata" skipped, due to false condition; ( '$(SynthesizeLinkMetadata)' == 'true' ) was evaluated as ( '' == 'true' ).
     1>Target "SetCABuildNativeEnvironmentVariables" in file "D:\Documents2\Visual Studio 2017\visual studio\MSBuild\Microsoft\VisualStudio\v15.0\CodeAnalysis\Microsoft.CodeAnalysis.targets" from project "D:\Documents2\Vulkan\FleX-master\extensions\compiler\vc14win64\flexExtD3D.vcxproj" (target "PrepareForBuild" depends on it):
       Task "SetEnv"
         CAExcludePath=D:\Documents2\Visual Studio 2017\visual studio\VC\Tools\MSVC\14.16.27023\atlmfc\include;D:\Documents2\Visual Studio 2017\visual studio\VC\Tools\MSVC\14.16.27023\include;C:\Program Files (x86)\Windows Kits\10\Include\10.0.17763.0\ucrt;;C:\Program Files (x86)\Windows Kits\10\Include\10.0.17763.0\um;C:\Program Files (x86)\Windows Kits\10\Include\10.0.17763.0\shared;C:\Program Files (x86)\Windows Kits\10\Include\10.0.17763.0\winrt;C:\Program Files (x86)\Windows Kits\10\Include\10.0.17763.0\cppwinrt;Include\um;
       Done executing task "SetEnv".
     1>Done building target "SetCABuildNativeEnvironmentVariables" in project "flexExtD3D.vcxproj".
     1>Target "PrepareForBuild" in file "D:\Documents2\Visual Studio 2017\visual studio\Common7\IDE\VC\VCTargets\Microsoft.CppBuild.targets" from project "D:\Documents2\Vulkan\FleX-master\extensions\compiler\vc14win64\flexExtD3D.vcxproj" (target "ResolveAssemblyReferences" depends on it):
       Task "VCMessage" skipped, due to false condition; ('$(DesignTimeBuild)' != 'true' and '$(ConfigurationPlatformExists)' != 'true') was evaluated as ('' != 'true' and 'true' != 'true').
       Using "MakeDir" task from assembly "Microsoft.Build.Tasks.Core, Version=15.1.0.0, Culture=neutral, PublicKeyToken=b03f5f7f11d50a3a".
       Task "MakeDir"
       Done executing task "MakeDir".
       Task "VCMessage" skipped, due to false condition; ('$(DesignTimeBuild)'!='true' and '$(WindowsAppContainer)'=='true' and '$(ConfigurationType)'!='Application' and '$(ConfigurationType)'!='DynamicLibrary' and '$(ConfigurationType)'!='StaticLibrary') was evaluated as (''!='true' and 'false'=='true' and 'DynamicLibrary'!='Application' and 'DynamicLibrary'!='DynamicLibrary' and 'DynamicLibrary'!='StaticLibrary').
       Task "VCMessage" skipped, due to false condition; ('$(DesignTimeBuild)'!='true' and '$(VCToolsInstallDir)'=='' and '$(UseEnv)' != 'true' and ('$(TargetFrameworkVersion)'=='v3.5' or '$(TargetFrameworkVersion)'=='v3.0' or '$(TargetFrameworkVersion)'=='v2.0' )) was evaluated as (''!='true' and 'D:\Documents2\Visual Studio 2017\visual studio\VC\Tools\MSVC\14.16.27023\'=='' and '' != 'true' and ('v4.0'=='v3.5' or 'v4.0'=='v3.0' or 'v4.0'=='v2.0' )).
       Task "VCMessage" skipped, due to false condition; ('$(DesignTimeBuild)'!='true' and '$(VCToolsInstallDir)'=='' and '$(UseEnv)' != 'true' and '$(PlatformToolset)'=='v90') was evaluated as (''!='true' and 'D:\Documents2\Visual Studio 2017\visual studio\VC\Tools\MSVC\14.16.27023\'=='' and '' != 'true' and 'v141'=='v90').
       Task "VCMessage" skipped, due to false condition; ('$(DesignTimeBuild)'!='true' and '$(VCToolsInstallDir)'=='' and '$(UseEnv)' != 'true') was evaluated as (''!='true' and 'D:\Documents2\Visual Studio 2017\visual studio\VC\Tools\MSVC\14.16.27023\'=='' and '' != 'true').
       Task "VCMessage" skipped, due to false condition; ('$(DesignTimeBuild)'!='true' and '$(WindowsSDKDir)'=='' and '$(UseEnv)' != 'true') was evaluated as (''!='true' and 'C:\Program Files (x86)\Windows Kits\10\'=='' and '' != 'true').
       Task "VCMessage" skipped, due to false condition; ('$(DesignTimeBuild)'!='true' and '$(IntDirTrailingSlashWarning)'=='true') was evaluated as (''!='true' and ''=='true').
       Task "VCMessage" skipped, due to false condition; ('$(DesignTimeBuild)'!='true' and '$(OutDirTrailingSlashWarning)'=='true') was evaluated as (''!='true' and ''=='true').
       Task "VCMessage" skipped, due to false condition; ('%(CompatibilityIssues.Identity)' != '' and '$(DesignTimeBuild)'!='true') was evaluated as ('' != '' and ''!='true').
       Task "VCMessage" skipped, due to false condition; ('$(IgnoreWarnIntDirSharingDetected)' != 'true' and '$(IntDirSharingDetected)' == 'true') was evaluated as ('' != 'true' and '' == 'true').
       Task "VCMessage" skipped, due to false condition; ('$(DesignTimeBuild)'!='true' and '$(IgnoreWarnIntDirInTempDetected)' != 'true' and ('$(_IntDirFullpath.StartsWith($(Tmp), true, null))' == 'true' or '$(_IntDirFullpath.StartsWith($(Temp), true, null))' == 'true' or '$(_OutDirFullpath.StartsWith($(Tmp), true, null))' == 'true' or '$(_OutDirFullpath.StartsWith($(Temp), true, null))' == 'true')) was evaluated as (''!='true' and '' != 'true' and ('False' == 'true' or 'False' == 'true' or 'False' == 'true' or 'False' == 'true')).
       Task "VCMessage" skipped, due to false condition; ('$(DesignTimeBuild)' != 'true' and '$(SpectreMitigation)' != '' and '$(SpectreMitigation)' != 'false' and (('$(_VC_Target_Library_Platform)' == 'OneCore' and !Exists('$(VC_LibraryPath_VC_x86_OneCore)')) or ('$(_VC_Target_Library_Platform)' == 'Desktop' and !Exists('$(VC_LibraryPath_VC_x86_Desktop)')))) was evaluated as ('' != 'true' and 'false' != '' and 'false' != 'false' and (('Desktop' == 'OneCore' and !Exists('D:\Documents2\Visual Studio 2017\visual studio\VC\Tools\MSVC\14.16.27023\lib\onecore\x86')) or ('Desktop' == 'Desktop' and !Exists('D:\Documents2\Visual Studio 2017\visual studio\VC\Tools\MSVC\14.16.27023\lib\x86')))).
       Task "MakeDir"
         Creating directory "./build/win64/DX/debug\flexExtD3D.tlog\".
       Done executing task "MakeDir".
     1>Done building target "PrepareForBuild" in project "flexExtD3D.vcxproj".
       Target "_PrepareForReferenceResolution" skipped. Previously built successfully.
       Target "ComputeCrtSDKReference" skipped, due to false condition; ('@(ClCompile)'!='' and '$(WindowsAppContainer)'=='true' and '$(UseCrtSDKReference)' != 'false') was evaluated as ('..\..\..\core\sdf.cpp;..\..\..\core\voxelize.cpp;..\..\..\core\maths.cpp;..\..\..\core\aabbtree.cpp;..\..\dx\flexExt.cpp;..\..\flexExtCloth.cpp;..\..\flexExtRigid.cpp;..\..\flexExtSoft.cpp;..\..\flexExtMovingFrame.cpp;..\..\flexExtContainer.cpp'!='' and 'false'=='true' and '' != 'false').
       Target "GetInstalledSDKLocations" skipped, due to false condition; ('@(SDKReference)' != '') was evaluated as ('' != '').
     1>Target "ResolveSDKReferences" in file "D:\Documents2\Visual Studio 2017\visual studio\MSBuild\15.0\Bin\Microsoft.Common.CurrentVersion.targets" from project "D:\Documents2\Vulkan\FleX-master\extensions\compiler\vc14win64\flexExtD3D.vcxproj" (target "ResolveAssemblyReferences" depends on it):
       Task "ResolveSDKReference" skipped, due to false condition; ('@(SDKReference)'!='') was evaluated as (''!='').
     1>Done building target "ResolveSDKReferences" in project "flexExtD3D.vcxproj".
       Target "ResolveSDKReferences" skipped. Previously built successfully.
     1>Target "ExpandSDKReferences" in file "D:\Documents2\Visual Studio 2017\visual studio\MSBuild\15.0\Bin\Microsoft.Common.CurrentVersion.targets" from project "D:\Documents2\Vulkan\FleX-master\extensions\compiler\vc14win64\flexExtD3D.vcxproj" (target "ResolveAssemblyReferences" depends on it):
       Task "GetSDKReferenceFiles" skipped, due to false condition; ('@(ResolvedSDKReference)'!='') was evaluated as (''!='').
     1>Done building target "ExpandSDKReferences" in project "flexExtD3D.vcxproj".
       Target "ResolveNuGetPackageAssets" skipped, due to false condition; ('$(ResolveNuGetPackages)' == 'true' and exists('$(ProjectLockFile)')) was evaluated as ('true' == 'true' and exists('obj\project.assets.json')).
     1>Target "ResolveAssemblyReferences" in file "D:\Documents2\Visual Studio 2017\visual studio\MSBuild\15.0\Bin\Microsoft.Common.CurrentVersion.targets" from project "D:\Documents2\Vulkan\FleX-master\extensions\compiler\vc14win64\flexExtD3D.vcxproj" (target "ResolveReferences" depends on it):
       Task "ResolveAssemblyReference" skipped, due to false condition; ('@(Reference)'!='' or '@(_ResolvedProjectReferencePaths)'!='' or '@(_ExplicitReference)' != '') was evaluated as (''!='' or ''!='' or '' != '').
     1>Done building target "ResolveAssemblyReferences" in project "flexExtD3D.vcxproj".
       Target "GenerateBindingRedirects" skipped, due to false condition; ('$(AutoGenerateBindingRedirects)' == 'true' and '$(GenerateBindingRedirectsOutputType)' == 'true') was evaluated as ('' == 'true' and '' == 'true').
       Target "GenerateBindingRedirectsUpdateAppConfig" skipped, due to false condition; ('$(AutoGenerateBindingRedirects)' == 'true' and '$(GenerateBindingRedirectsOutputType)' == 'true' and Exists('$(_GenerateBindingRedirectsIntermediateAppConfig)')) was evaluated as ('' == 'true' and '' == 'true' and Exists('./build/win64/DX/debug\NvFlexExtDebugD3D_x64.dll.config')).
       Target "ResolveComReferences" skipped, due to false condition; ('@(COMReference)'!='' or '@(COMFileReference)'!='') was evaluated as (''!='' or ''!='').
     1>Target "AfterResolveReferences" in file "D:\Documents2\Visual Studio 2017\visual studio\MSBuild\15.0\Bin\Microsoft.Common.CurrentVersion.targets" from project "D:\Documents2\Vulkan\FleX-master\extensions\compiler\vc14win64\flexExtD3D.vcxproj" (target "ResolveReferences" depends on it):
     1>Done building target "AfterResolveReferences" in project "flexExtD3D.vcxproj".
       Target "ImplicitlyExpandDesignTimeFacades" skipped, due to false condition; ('$(ImplicitlyExpandDesignTimeFacades)' == 'true') was evaluated as ('' == 'true').
       Target "ResolveTestReferences" skipped, due to false condition; ('@(Shadow)'!='') was evaluated as (''!='').
     1>Target "ResolveReferences" in file "D:\Documents2\Visual Studio 2017\visual studio\MSBuild\15.0\Bin\Microsoft.Common.CurrentVersion.targets" from project "D:\Documents2\Vulkan\FleX-master\extensions\compiler\vc14win64\flexExtD3D.vcxproj" (target "Build" depends on it):
     1>Done building target "ResolveReferences" in project "flexExtD3D.vcxproj".
       Target "PrepareForBuild" skipped. Previously built successfully.
       Target "PrepareForBuild" skipped. Previously built successfully.
     1>Target "InitializeBuildStatus" in file "D:\Documents2\Visual Studio 2017\visual studio\Common7\IDE\VC\VCTargets\Microsoft.CppBuild.targets" from project "D:\Documents2\Vulkan\FleX-master\extensions\compiler\vc14win64\flexExtD3D.vcxproj" (target "Build" depends on it):
       Using "ReadLinesFromFile" task from assembly "Microsoft.Build.Tasks.Core, Version=15.1.0.0, Culture=neutral, PublicKeyToken=b03f5f7f11d50a3a".
       Task "ReadLinesFromFile"
       Done executing task "ReadLinesFromFile".
       Using "WriteLinesToFile" task from assembly "Microsoft.Build.Tasks.Core, Version=15.1.0.0, Culture=neutral, PublicKeyToken=b03f5f7f11d50a3a".
       Task "WriteLinesToFile"
       Done executing task "WriteLinesToFile".
       Using "Touch" task from assembly "Microsoft.Build.Tasks.Core, Version=15.1.0.0, Culture=neutral, PublicKeyToken=b03f5f7f11d50a3a".
       Task "Touch"
         Creating "./build/win64/DX/debug\flexExtD3D.tlog\unsuccessfulbuild" because "AlwaysCreate" was specified.
       Done executing task "Touch".
     1>Done building target "InitializeBuildStatus" in project "flexExtD3D.vcxproj".
       Target "PrepareProjectReferences" skipped. Previously built successfully.
     1>Target "BuildGenerateSourcesTraverse" in file "D:\Documents2\Visual Studio 2017\visual studio\MSBuild\15.0\Bin\Microsoft.Common.CurrentVersion.targets" from project "D:\Documents2\Vulkan\FleX-master\extensions\compiler\vc14win64\flexExtD3D.vcxproj" (target "BuildGenerateSources" depends on it):
       Task "MSBuild" skipped, due to false condition; ('$(BuildPassReferences)' == 'true' and '@(ProjectReferenceWithConfiguration)' != '' and '@(_MSBuildProjectReferenceExistent)' != '' and '%(_MSBuildProjectReferenceExistent.BuildReference)' == 'true') was evaluated as ('' == 'true' and '' != '' and '' != '' and '' == 'true').
     1>Done building target "BuildGenerateSourcesTraverse" in project "flexExtD3D.vcxproj".
       Target "PrepareForBuild" skipped. Previously built successfully.
       Target "ResolveReferences" skipped. Previously built successfully.
     1>Target "BeforeBuildGenerateSources" in file "D:\Documents2\Visual Studio 2017\visual studio\Common7\IDE\VC\VCTargets\Microsoft.BuildSteps.Targets" from project "D:\Documents2\Vulkan\FleX-master\extensions\compiler\vc14win64\flexExtD3D.vcxproj" (target "_BuildGenerateSourcesAction" depends on it):
     1>Done building target "BeforeBuildGenerateSources" in project "flexExtD3D.vcxproj".
     1>Target "PreBuildEvent" in file "D:\Documents2\Visual Studio 2017\visual studio\Common7\IDE\VC\VCTargets\Microsoft.CppCommon.targets" from project "D:\Documents2\Vulkan\FleX-master\extensions\compiler\vc14win64\flexExtD3D.vcxproj" (target "_BuildGenerateSourcesAction" depends on it):
       Task "Message" skipped, due to false condition; ('%(PreBuildEvent.Message)' != '' and '%(PreBuildEvent.Command)' != '') was evaluated as ('' != '' and '' != '').
       Task "Exec" skipped, due to false condition; ('%(PreBuildEvent.Command)' != '') was evaluated as ('' != '').
     1>Done building target "PreBuildEvent" in project "flexExtD3D.vcxproj".
       Target "CustomBuild" skipped, due to false condition; ('@(CustomBuild)' != '') was evaluated as ('' != '').
       Target "PrepareForBuild" skipped. Previously built successfully.
       Target "InitializeBuildStatus" skipped. Previously built successfully.
       Target "SetBuildDefaultEnvironmentVariables" skipped. Previously built successfully.
       Target "SetUserMacroEnvironmentVariables" skipped, due to false condition; ('@(BuildMacro)' != '' and '$(DesignTimeBuild)' != 'true') was evaluated as ('' != '' and '' != 'true').
     1>Target "_SelectedFiles" in file "D:\Documents2\Visual Studio 2017\visual studio\Common7\IDE\VC\VCTargets\Microsoft.CppBuild.targets" from project "D:\Documents2\Vulkan\FleX-master\extensions\compiler\vc14win64\flexExtD3D.vcxproj" (target "FxExport" depends on it):
     1>Done building target "_SelectedFiles" in project "flexExtD3D.vcxproj".
     1>Target "MakeDirsForFxc" in file "D:\Documents2\Visual Studio 2017\visual studio\Common7\IDE\VC\VCTargets\Microsoft.CppBuild.targets" from project "D:\Documents2\Vulkan\FleX-master\extensions\compiler\vc14win64\flexExtD3D.vcxproj" (target "FxExport" depends on it):
       Task "MakeDir"
       Done executing task "MakeDir".
     1>Done building target "MakeDirsForFxc" in project "flexExtD3D.vcxproj".
     1>Target "FxExport" in file "D:\Documents2\Visual Studio 2017\visual studio\Common7\IDE\VC\VCTargets\Microsoft.CppCommon.targets" from project "D:\Documents2\Vulkan\FleX-master\extensions\compiler\vc14win64\flexExtD3D.vcxproj" (target "_BuildGenerateSourcesAction" depends on it):
       Task "FXC" skipped, due to false condition; ('@(FxCompile)' != '' and '%(FxCompile.ExcludedFromBuild)'!='true' and '%(FxCompile.CompileD2DCustomEffect)'=='true') was evaluated as ('./../../dx/shaders/flexExt.UpdateForceFields.hlsl' != '' and ''!='true' and ''=='true').
     1>Done building target "FxExport" in project "flexExtD3D.vcxproj".
       Target "_SelectedFiles" skipped. Previously built successfully.
       Target "MakeDirsForFxc" skipped. Previously built successfully.
       Target "FxExport" skipped. Previously built successfully.
     1>Target "FxCompile" in file "D:\Documents2\Visual Studio 2017\visual studio\Common7\IDE\VC\VCTargets\Microsoft.CppCommon.targets" from project "D:\Documents2\Vulkan\FleX-master\extensions\compiler\vc14win64\flexExtD3D.vcxproj" (target "_BuildGenerateSourcesAction" depends on it):
       Using "FXC" task from assembly "D:\Documents2\Visual Studio 2017\visual studio\Common7\IDE\VC\VCTargets\Microsoft.Build.CppTasks.Common.dll".
       Task "FXC"
         All source files are not up-to-date: missing command TLog "D:\Documents2\Vulkan\FleX-master\extensions\compiler\vc14win64\build\win64\DX\debug\flexExtD3D.tlog\fxc.command.1.tlog".
         C:\Program Files (x86)\Windows Kits\10\bin\10.0.17763.0\x86\fxc.exe /nologo /E"UpdateForceFields::execute" /T cs_5_0 /Fh "../../../extensions/dx/shaders/flexExt.UpdateForceFields.h" /Vn "g_flexExt_UpdateForceFields" ./../../dx/shaders/flexExt.UpdateForceFields.hlsl 
         Tracking command:
         D:\Documents2\Visual Studio 2017\visual studio\MSBuild\15.0\Bin\Tracker.exe /d "C:\Program Files (x86)\MSBuild\15.0\FileTracker\FileTracker32.dll" /i D:\Documents2\Vulkan\FleX-master\extensions\compiler\vc14win64\build\win64\DX\debug\flexExtD3D.tlog /r D:\DOCUMENTS2\VULKAN\FLEX-MASTER\EXTENSIONS\DX\SHADERS\FLEXEXT.UPDATEFORCEFIELDS.HLSL /b MSBuildConsole_CancelEventc3ef15685eda4bac947547373da76fff  /c "C:\Program Files (x86)\Windows Kits\10\bin\10.0.17763.0\x86\fxc.exe"  /nologo /E"UpdateForceFields::execute" /T cs_5_0 /Fh "../../../extensions/dx/shaders/flexExt.UpdateForceFields.h" /Vn "g_flexExt_UpdateForceFields" ./../../dx/shaders/flexExt.UpdateForceFields.hlsl 
         compilation header save succeeded; see D:\Documents2\Vulkan\FleX-master\extensions\dx\shaders\flexExt.UpdateForceFields.h
       Done executing task "FXC".
     1>Done building target "FxCompile" in project "flexExtD3D.vcxproj".
       Target "_CreateCopyFileItems" skipped, due to false condition; ('@(CopyFileToFolders)' != '') was evaluated as ('' != '').
       Target "_SelectedFiles" skipped. Previously built successfully.
     1>Target "CopyFileToFolders" in file "D:\Documents2\Visual Studio 2017\visual studio\Common7\IDE\VC\VCTargets\Microsoft.CppCommon.targets" from project "D:\Documents2\Vulkan\FleX-master\extensions\compiler\vc14win64\flexExtD3D.vcxproj" (target "_BuildGenerateSourcesAction" depends on it):
       Using "GetOutOfDateItems" task from assembly "D:\Documents2\Visual Studio 2017\visual studio\Common7\IDE\VC\VCTargets\Microsoft.Build.CppTasks.Common.dll".
       Task "GetOutOfDateItems"
       Done executing task "GetOutOfDateItems".
       Task "Copy" skipped, due to false condition; ('@(_OutOfDateCopyFile)' != '') was evaluated as ('' != '').
     1>Done building target "CopyFileToFolders" in project "flexExtD3D.vcxproj".
       Target "Xsd" skipped, due to false condition; ('@(Xsd)' != '') was evaluated as ('' != '').
     1>Target "_Xsd" in file "D:\Documents2\Visual Studio 2017\visual studio\Common7\IDE\VC\VCTargets\Microsoft.CppBuild.targets" from project "D:\Documents2\Vulkan\FleX-master\extensions\compiler\vc14win64\flexExtD3D.vcxproj" (target "_BuildGenerateSourcesAction" depends on it):
     1>Done building target "_Xsd" in project "flexExtD3D.vcxproj".
     1>Target "MakeDirsForMidl" in file "D:\Documents2\Visual Studio 2017\visual studio\Common7\IDE\VC\VCTargets\Microsoft.CppBuild.targets" from project "D:\Documents2\Vulkan\FleX-master\extensions\compiler\vc14win64\flexExtD3D.vcxproj" (target "_Midl" depends on it):
       Task "Makedir"
       Done executing task "Makedir".
     1>Done building target "MakeDirsForMidl" in project "flexExtD3D.vcxproj".
       Target "Midl" skipped, due to false condition; ('@(Midl)' != '') was evaluated as ('' != '').
       Target "CustomBuild" skipped, due to false condition; ('@(CustomBuild)' != '') was evaluated as ('' != '').
     1>Target "ComputeMIDLGeneratedCompileInputs" in file "D:\Documents2\Visual Studio 2017\visual studio\Common7\IDE\VC\VCTargets\Microsoft.CppBuild.targets" from project "D:\Documents2\Vulkan\FleX-master\extensions\compiler\vc14win64\flexExtD3D.vcxproj" (target "_Midl" depends on it):
     1>Done building target "ComputeMIDLGeneratedCompileInputs" in project "flexExtD3D.vcxproj".
     1>Target "AfterMidl" in file "D:\Documents2\Visual Studio 2017\visual studio\Common7\IDE\VC\VCTargets\Microsoft.CppBuild.targets" from project "D:\Documents2\Vulkan\FleX-master\extensions\compiler\vc14win64\flexExtD3D.vcxproj" (target "_Midl" depends on it):
     1>Done building target "AfterMidl" in project "flexExtD3D.vcxproj".
     1>Target "_Midl" in file "D:\Documents2\Visual Studio 2017\visual studio\Common7\IDE\VC\VCTargets\Microsoft.CppBuild.targets" from project "D:\Documents2\Vulkan\FleX-master\extensions\compiler\vc14win64\flexExtD3D.vcxproj" (target "_BuildGenerateSourcesAction" depends on it):
     1>Done building target "_Midl" in project "flexExtD3D.vcxproj".
     1>Target "AfterBuildGenerateSources" in file "D:\Documents2\Visual Studio 2017\visual studio\Common7\IDE\VC\VCTargets\Microsoft.BuildSteps.Targets" from project "D:\Documents2\Vulkan\FleX-master\extensions\compiler\vc14win64\flexExtD3D.vcxproj" (target "_BuildGenerateSourcesAction" depends on it):
     1>Done building target "AfterBuildGenerateSources" in project "flexExtD3D.vcxproj".
     1>Target "AfterBuildGenerateSourcesEvent" in file "D:\Documents2\Visual Studio 2017\visual studio\Common7\IDE\VC\VCTargets\Microsoft.CppBuild.targets" from project "D:\Documents2\Vulkan\FleX-master\extensions\compiler\vc14win64\flexExtD3D.vcxproj" (target "_BuildGenerateSourcesAction" depends on it):
     1>Done building target "AfterBuildGenerateSourcesEvent" in project "flexExtD3D.vcxproj".
     1>Target "_BuildGenerateSourcesAction" in file "D:\Documents2\Visual Studio 2017\visual studio\Common7\IDE\VC\VCTargets\Microsoft.CppBuild.targets" from project "D:\Documents2\Vulkan\FleX-master\extensions\compiler\vc14win64\flexExtD3D.vcxproj" (target "BuildGenerateSources" depends on it):
     1>Done building target "_BuildGenerateSourcesAction" in project "flexExtD3D.vcxproj".
     1>Target "BuildGenerateSources" in file "D:\Documents2\Visual Studio 2017\visual studio\MSBuild\15.0\Bin\Microsoft.Common.CurrentVersion.targets" from project "D:\Documents2\Vulkan\FleX-master\extensions\compiler\vc14win64\flexExtD3D.vcxproj" (target "Build" depends on it):
     1>Done building target "BuildGenerateSources" in project "flexExtD3D.vcxproj".
       Target "PrepareProjectReferences" skipped. Previously built successfully.
     1>Target "BuildCompileTraverse" in file "D:\Documents2\Visual Studio 2017\visual studio\MSBuild\15.0\Bin\Microsoft.Common.CurrentVersion.targets" from project "D:\Documents2\Vulkan\FleX-master\extensions\compiler\vc14win64\flexExtD3D.vcxproj" (target "BuildCompile" depends on it):
       Task "MSBuild" skipped, due to false condition; ('$(BuildPassReferences)' == 'true' and '@(ProjectReferenceWithConfiguration)' != '' and '@(_MSBuildProjectReferenceExistent)' != ''  and '%(_MSBuildProjectReferenceExistent.BuildReference)' == 'true') was evaluated as ('' == 'true' and '' != '' and '' != ''  and '' == 'true').
     1>Done building target "BuildCompileTraverse" in project "flexExtD3D.vcxproj".
       Target "PrepareForBuild" skipped. Previously built successfully.
       Target "ResolveReferences" skipped. Previously built successfully.
     1>Target "BeforeClCompile" in file "D:\Documents2\Visual Studio 2017\visual studio\Common7\IDE\VC\VCTargets\Microsoft.CppBuild.targets" from project "D:\Documents2\Vulkan\FleX-master\extensions\compiler\vc14win64\flexExtD3D.vcxproj" (target "_ClCompile" depends on it):
     1>Done building target "BeforeClCompile" in project "flexExtD3D.vcxproj".
       Target "ComputeMIDLGeneratedCompileInputs" skipped. Previously built successfully.
     1>Target "ComputeCLInputPDBName" in file "D:\Documents2\Visual Studio 2017\visual studio\Common7\IDE\VC\VCTargets\Microsoft.CppBuild.targets" from project "D:\Documents2\Vulkan\FleX-master\extensions\compiler\vc14win64\flexExtD3D.vcxproj" (target "_ClCompile" depends on it):
     1>Done building target "ComputeCLInputPDBName" in project "flexExtD3D.vcxproj".
       Target "ResolveReferences" skipped. Previously built successfully.
     1>Target "ComputeReferenceCLInput" in file "D:\Documents2\Visual Studio 2017\visual studio\Common7\IDE\VC\VCTargets\Microsoft.CppBuild.targets" from project "D:\Documents2\Vulkan\FleX-master\extensions\compiler\vc14win64\flexExtD3D.vcxproj" (target "_ClCompile" depends on it):
       Task "WriteLinesToFile" skipped, due to false condition; (('@(_ReferenceCopyLocalPaths)'!='') and '$(DesignTimeBuild)' != 'true') was evaluated as ((''!='') and '' != 'true').
       Task "Message" skipped, due to false condition; ('$(_REFERENCE_DEBUG)'=='true') was evaluated as (''=='true').
     1>Done building target "ComputeReferenceCLInput" in project "flexExtD3D.vcxproj".
     1>Target "WarnCompileDuplicatedFilename" in file "D:\Documents2\Visual Studio 2017\visual studio\Common7\IDE\VC\VCTargets\Microsoft.CppBuild.targets" from project "D:\Documents2\Vulkan\FleX-master\extensions\compiler\vc14win64\flexExtD3D.vcxproj" (target "_ClCompile" depends on it):
       Task "VCMessage" skipped, due to false condition; ('%(ClCompile.ExcludedFromBuild)' != 'true' and '%(Filename)%(Extension)' != '@(ClCompile->'%(Filename)%(Extension)')' and '%(ObjectFileName)' == '@(ClCompile->Metadata(ObjectFileName)->Distinct())') was evaluated as ('' != 'true' and 'sdf.cpp' != 'sdf.cpp' and './build/win64/DX/debug\' == './build/win64/DX/debug\').
       Task "VCMessage" skipped, due to false condition; ('%(ClCompile.ExcludedFromBuild)' != 'true' and '%(Filename)%(Extension)' != '@(ClCompile->'%(Filename)%(Extension)')' and '%(ObjectFileName)' == '@(ClCompile->Metadata(ObjectFileName)->Distinct())') was evaluated as ('' != 'true' and 'voxelize.cpp' != 'voxelize.cpp' and './build/win64/DX/debug\' == './build/win64/DX/debug\').
       Task "VCMessage" skipped, due to false condition; ('%(ClCompile.ExcludedFromBuild)' != 'true' and '%(Filename)%(Extension)' != '@(ClCompile->'%(Filename)%(Extension)')' and '%(ObjectFileName)' == '@(ClCompile->Metadata(ObjectFileName)->Distinct())') was evaluated as ('' != 'true' and 'maths.cpp' != 'maths.cpp' and './build/win64/DX/debug\' == './build/win64/DX/debug\').
       Task "VCMessage" skipped, due to false condition; ('%(ClCompile.ExcludedFromBuild)' != 'true' and '%(Filename)%(Extension)' != '@(ClCompile->'%(Filename)%(Extension)')' and '%(ObjectFileName)' == '@(ClCompile->Metadata(ObjectFileName)->Distinct())') was evaluated as ('' != 'true' and 'aabbtree.cpp' != 'aabbtree.cpp' and './build/win64/DX/debug\' == './build/win64/DX/debug\').
       Task "VCMessage" skipped, due to false condition; ('%(ClCompile.ExcludedFromBuild)' != 'true' and '%(Filename)%(Extension)' != '@(ClCompile->'%(Filename)%(Extension)')' and '%(ObjectFileName)' == '@(ClCompile->Metadata(ObjectFileName)->Distinct())') was evaluated as ('' != 'true' and 'flexExt.cpp' != 'flexExt.cpp' and './build/win64/DX/debug\' == './build/win64/DX/debug\').
       Task "VCMessage" skipped, due to false condition; ('%(ClCompile.ExcludedFromBuild)' != 'true' and '%(Filename)%(Extension)' != '@(ClCompile->'%(Filename)%(Extension)')' and '%(ObjectFileName)' == '@(ClCompile->Metadata(ObjectFileName)->Distinct())') was evaluated as ('' != 'true' and 'flexExtCloth.cpp' != 'flexExtCloth.cpp' and './build/win64/DX/debug\' == './build/win64/DX/debug\').
       Task "VCMessage" skipped, due to false condition; ('%(ClCompile.ExcludedFromBuild)' != 'true' and '%(Filename)%(Extension)' != '@(ClCompile->'%(Filename)%(Extension)')' and '%(ObjectFileName)' == '@(ClCompile->Metadata(ObjectFileName)->Distinct())') was evaluated as ('' != 'true' and 'flexExtRigid.cpp' != 'flexExtRigid.cpp' and './build/win64/DX/debug\' == './build/win64/DX/debug\').
       Task "VCMessage" skipped, due to false condition; ('%(ClCompile.ExcludedFromBuild)' != 'true' and '%(Filename)%(Extension)' != '@(ClCompile->'%(Filename)%(Extension)')' and '%(ObjectFileName)' == '@(ClCompile->Metadata(ObjectFileName)->Distinct())') was evaluated as ('' != 'true' and 'flexExtSoft.cpp' != 'flexExtSoft.cpp' and './build/win64/DX/debug\' == './build/win64/DX/debug\').
       Task "VCMessage" skipped, due to false condition; ('%(ClCompile.ExcludedFromBuild)' != 'true' and '%(Filename)%(Extension)' != '@(ClCompile->'%(Filename)%(Extension)')' and '%(ObjectFileName)' == '@(ClCompile->Metadata(ObjectFileName)->Distinct())') was evaluated as ('' != 'true' and 'flexExtMovingFrame.cpp' != 'flexExtMovingFrame.cpp' and './build/win64/DX/debug\' == './build/win64/DX/debug\').
       Task "VCMessage" skipped, due to false condition; ('%(ClCompile.ExcludedFromBuild)' != 'true' and '%(Filename)%(Extension)' != '@(ClCompile->'%(Filename)%(Extension)')' and '%(ObjectFileName)' == '@(ClCompile->Metadata(ObjectFileName)->Distinct())') was evaluated as ('' != 'true' and 'flexExtContainer.cpp' != 'flexExtContainer.cpp' and './build/win64/DX/debug\' == './build/win64/DX/debug\').
     1>Done building target "WarnCompileDuplicatedFilename" in project "flexExtD3D.vcxproj".
     1>Target "FixupCLCompileOptions" in file "D:\Documents2\Visual Studio 2017\visual studio\Common7\IDE\VC\VCTargets\Microsoft.CppCommon.targets" from project "D:\Documents2\Vulkan\FleX-master\extensions\compiler\vc14win64\flexExtD3D.vcxproj" (target "_ClCompile" depends on it):
     1>Done building target "FixupCLCompileOptions" in project "flexExtD3D.vcxproj".
     1>Target "MakeDirsForCl" in file "D:\Documents2\Visual Studio 2017\visual studio\Common7\IDE\VC\VCTargets\Microsoft.CppBuild.targets" from project "D:\Documents2\Vulkan\FleX-master\extensions\compiler\vc14win64\flexExtD3D.vcxproj" (target "_ClCompile" depends on it):
       Task "MakeDir"
       Done executing task "MakeDir".
     1>Done building target "MakeDirsForCl" in project "flexExtD3D.vcxproj".
       Target "_SelectedFiles" skipped. Previously built successfully.
       Target "ComputeMIDLGeneratedCompileInputs" skipped. Previously built successfully.
       Target "ComputeCLInputPDBName" skipped. Previously built successfully.
       Target "ComputeReferenceCLInput" skipped. Previously built successfully.
       Target "WarnCompileDuplicatedFilename" skipped. Previously built successfully.
       Target "FixupCLCompileOptions" skipped. Previously built successfully.
       Target "_SelectedFiles" skipped. Previously built successfully.
     1>Target "SelectCustomBuild" in file "D:\Documents2\Visual Studio 2017\visual studio\Common7\IDE\VC\VCTargets\Microsoft.CppBuild.targets" from project "D:\Documents2\Vulkan\FleX-master\extensions\compiler\vc14win64\flexExtD3D.vcxproj" (target "SelectClCompile" depends on it):
     1>Done building target "SelectCustomBuild" in project "flexExtD3D.vcxproj".
     1>Target "SelectClCompile" in file "D:\Documents2\Visual Studio 2017\visual studio\Common7\IDE\VC\VCTargets\Microsoft.CppBuild.targets" from project "D:\Documents2\Vulkan\FleX-master\extensions\compiler\vc14win64\flexExtD3D.vcxproj" (target "ClCompile" depends on it):
     1>Done building target "SelectClCompile" in project "flexExtD3D.vcxproj".
       Target "GenerateTargetFrameworkMonikerAttribute" skipped, due to false condition; ('$(GenerateTargetFrameworkAttribute)' == 'true') was evaluated as ('false' == 'true').
       Target "ManagedIncrementalBuildPreProcessDependencyGraph" skipped, due to false condition; ('@(ClCompile)' != '' and '$(EnableManagedIncrementalBuild)' == 'True') was evaluated as ('..\..\..\core\sdf.cpp;..\..\..\core\voxelize.cpp;..\..\..\core\maths.cpp;..\..\..\core\aabbtree.cpp;..\..\dx\flexExt.cpp;..\..\flexExtCloth.cpp;..\..\flexExtRigid.cpp;..\..\flexExtSoft.cpp;..\..\flexExtMovingFrame.cpp;..\..\flexExtContainer.cpp' != '' and 'false' == 'True').
     1>Target "ClCompile" in file "D:\Documents2\Visual Studio 2017\visual studio\Common7\IDE\VC\VCTargets\Microsoft.CppCommon.targets" from project "D:\Documents2\Vulkan\FleX-master\extensions\compiler\vc14win64\flexExtD3D.vcxproj" (target "_ClCompile" depends on it):
       Using "Delete" task from assembly "Microsoft.Build.Tasks.Core, Version=15.1.0.0, Culture=neutral, PublicKeyToken=b03f5f7f11d50a3a".
       Task "Delete"
       Done executing task "Delete".
       Task "CL" skipped, due to false condition; ('%(ClCompile.PrecompiledHeader)' == 'Create' and '%(ClCompile.ExcludedFromBuild)'!='true' and '%(ClCompile.CompilerIteration)' == '') was evaluated as ('NotUsing' == 'Create' and ''!='true' and '' == '').
       Using "CL" task from assembly "D:\Documents2\Visual Studio 2017\visual studio\Common7\IDE\VC\VCTargets\Microsoft.Build.CppTasks.Common.dll".
       Task "CL"
         Forcing recompile of all source files due to missing PDB "./build/win64/DX/debug\vc141.pdb".
         Environment Variables passed to tool:
           VS_UNICODE_OUTPUT=1144
         D:\Documents2\Visual Studio 2017\visual studio\VC\Tools\MSVC\14.16.27023\bin\HostX86\x64\CL.exe /c /I./../../../../.. /I./../../.. /I./../../../external/D3D11/include /I./../../../external/D3D12/include /Zi /nologo /W3 /WX- /diagnostics:classic /Od /D _CONSOLE /D WIN32 /D _DEBUG /D _ITERATOR_DEBUG_LEVEL=0 /D _WINDLL /Gm- /EHsc /MTd /GS /fp:precise /Zc:wchar_t /Zc:forScope /Zc:inline /Fo"./build/win64/DX/debug\\" /Fd"./build/win64/DX/debug\vc141.pdb" /Gd /TP /FC /errorReport:prompt  /d2Zi+ ..\..\..\core\sdf.cpp ..\..\..\core\voxelize.cpp ..\..\..\core\maths.cpp ..\..\..\core\aabbtree.cpp ..\..\dx\flexExt.cpp ..\..\flexExtCloth.cpp ..\..\flexExtRigid.cpp ..\..\flexExtSoft.cpp ..\..\flexExtMovingFrame.cpp ..\..\flexExtContainer.cpp
         Tracking command:
         D:\Documents2\Visual Studio 2017\visual studio\MSBuild\15.0\Bin\Tracker.exe /d "C:\Program Files (x86)\MSBuild\15.0\FileTracker\FileTracker32.dll" /i D:\Documents2\Vulkan\FleX-master\extensions\compiler\vc14win64\build\win64\DX\debug\flexExtD3D.tlog /r "D:\DOCUMENTS2\VULKAN\FLEX-MASTER\CORE\AABBTREE.CPP|D:\DOCUMENTS2\VULKAN\FLEX-MASTER\CORE\MATHS.CPP|D:\DOCUMENTS2\VULKAN\FLEX-MASTER\CORE\SDF.CPP|D:\DOCUMENTS2\VULKAN\FLEX-MASTER\CORE\VOXELIZE.CPP|D:\DOCUMENTS2\VULKAN\FLEX-MASTER\EXTENSIONS\DX\FLEXEXT.CPP|D:\DOCUMENTS2\VULKAN\FLEX-MASTER\EXTENSIONS\FLEXEXTCLOTH.CPP|D:\DOCUMENTS2\VULKAN\FLEX-MASTER\EXTENSIONS\FLEXEXTCONTAINER.CPP|D:\DOCUMENTS2\VULKAN\FLEX-MASTER\EXTENSIONS\FLEXEXTMOVINGFRAME.CPP|D:\DOCUMENTS2\VULKAN\FLEX-MASTER\EXTENSIONS\FLEXEXTRIGID.CPP|D:\DOCUMENTS2\VULKAN\FLEX-MASTER\EXTENSIONS\FLEXEXTSOFT.CPP" /b MSBuildConsole_CancelEventa77a3638f0114e21939f554f15114ae4  /c "D:\Documents2\Visual Studio 2017\visual studio\VC\Tools\MSVC\14.16.27023\bin\HostX86\x64\CL.exe"  /c /I./../../../../.. /I./../../.. /I./../../../external/D3D11/include /I./../../../external/D3D12/include /Zi /nologo /W3 /WX- /diagnostics:classic /Od /D _CONSOLE /D WIN32 /D _DEBUG /D _ITERATOR_DEBUG_LEVEL=0 /D _WINDLL /Gm- /EHsc /MTd /GS /fp:precise /Zc:wchar_t /Zc:forScope /Zc:inline /Fo"./build/win64/DX/debug\\" /Fd"./build/win64/DX/debug\vc141.pdb" /Gd /TP /FC /errorReport:prompt  /d2Zi+ ..\..\..\core\sdf.cpp ..\..\..\core\voxelize.cpp ..\..\..\core\maths.cpp ..\..\..\core\aabbtree.cpp ..\..\dx\flexExt.cpp ..\..\flexExtCloth.cpp ..\..\flexExtRigid.cpp ..\..\flexExtSoft.cpp ..\..\flexExtMovingFrame.cpp ..\..\flexExtContainer.cpp
         sdf.cpp
         voxelize.cpp
         maths.cpp
         aabbtree.cpp
         flexExt.cpp
         flexExtCloth.cpp
         flexExtRigid.cpp
         flexExtSoft.cpp
         flexExtMovingFrame.cpp
         flexExtContainer.cpp
         Generating Code...
       Done executing task "CL".
     1>Done building target "ClCompile" in project "flexExtD3D.vcxproj".
       Target "RunSelectedFileNativeCodeAnalysis" skipped, due to false condition; ('$(RunCppAnalysis)'=='true' and '$(SelectedFiles)'!='') was evaluated as ('false'=='true' and ''!='').
       Target "ManagedIncrementalBuildPostProcessDependencyGraph" skipped, due to false condition; ('@(ClCompile)' != '' and '$(EnableManagedIncrementalBuild)' == 'True') was evaluated as ('..\..\..\core\sdf.cpp;..\..\..\core\voxelize.cpp;..\..\..\core\maths.cpp;..\..\..\core\aabbtree.cpp;..\..\dx\flexExt.cpp;..\..\flexExtCloth.cpp;..\..\flexExtRigid.cpp;..\..\flexExtSoft.cpp;..\..\flexExtMovingFrame.cpp;..\..\flexExtContainer.cpp' != '' and 'false' == 'True').
     1>Target "AfterClCompile" in file "D:\Documents2\Visual Studio 2017\visual studio\Common7\IDE\VC\VCTargets\Microsoft.CppBuild.targets" from project "D:\Documents2\Vulkan\FleX-master\extensions\compiler\vc14win64\flexExtD3D.vcxproj" (target "_ClCompile" depends on it):
     1>Done building target "AfterClCompile" in project "flexExtD3D.vcxproj".
     1>Target "_ClCompile" in file "D:\Documents2\Visual Studio 2017\visual studio\Common7\IDE\VC\VCTargets\Microsoft.CppBuild.targets" from project "D:\Documents2\Vulkan\FleX-master\extensions\compiler\vc14win64\flexExtD3D.vcxproj" (target "_BuildCompileAction" depends on it):
     1>Done building target "_ClCompile" in project "flexExtD3D.vcxproj".
       Target "_ResGen" skipped, due to false condition; ('@(EmbeddedResource)'!='') was evaluated as (''!='').
     1>Target "BeforeResourceCompile" in file "D:\Documents2\Visual Studio 2017\visual studio\Common7\IDE\VC\VCTargets\Microsoft.CppBuild.targets" from project "D:\Documents2\Vulkan\FleX-master\extensions\compiler\vc14win64\flexExtD3D.vcxproj" (target "_ResourceCompile" depends on it):
     1>Done building target "BeforeResourceCompile" in project "flexExtD3D.vcxproj".
     1>Target "MakeDirsForResourceCompile" in file "D:\Documents2\Visual Studio 2017\visual studio\Common7\IDE\VC\VCTargets\Microsoft.CppBuild.targets" from project "D:\Documents2\Vulkan\FleX-master\extensions\compiler\vc14win64\flexExtD3D.vcxproj" (target "_ResourceCompile" depends on it):
       Task "MakeDir"
       Done executing task "MakeDir".
     1>Done building target "MakeDirsForResourceCompile" in project "flexExtD3D.vcxproj".
       Target "ResourceCompile" skipped, due to false condition; ('@(ResourceCompile)' != '') was evaluated as ('' != '').
     1>Target "AfterResourceCompile" in file "D:\Documents2\Visual Studio 2017\visual studio\Common7\IDE\VC\VCTargets\Microsoft.CppBuild.targets" from project "D:\Documents2\Vulkan\FleX-master\extensions\compiler\vc14win64\flexExtD3D.vcxproj" (target "_ResourceCompile" depends on it):
     1>Done building target "AfterResourceCompile" in project "flexExtD3D.vcxproj".
     1>Target "_ResourceCompile" in file "D:\Documents2\Visual Studio 2017\visual studio\Common7\IDE\VC\VCTargets\Microsoft.CppBuild.targets" from project "D:\Documents2\Vulkan\FleX-master\extensions\compiler\vc14win64\flexExtD3D.vcxproj" (target "_BuildCompileAction" depends on it):
     1>Done building target "_ResourceCompile" in project "flexExtD3D.vcxproj".
       Target "_ImpLib" skipped, due to false condition; ('$(ImpLibCompiled)' == 'true') was evaluated as ('' == 'true').
       Target "_Lib" skipped, due to false condition; ('$(LibCompiled)' == 'true') was evaluated as ('' == 'true').
     1>Target "AfterBuildCompileEvent" in file "D:\Documents2\Visual Studio 2017\visual studio\Common7\IDE\VC\VCTargets\Microsoft.CppBuild.targets" from project "D:\Documents2\Vulkan\FleX-master\extensions\compiler\vc14win64\flexExtD3D.vcxproj" (target "_BuildCompileAction" depends on it):
     1>Done building target "AfterBuildCompileEvent" in project "flexExtD3D.vcxproj".
     1>Target "_BuildCompileAction" in file "D:\Documents2\Visual Studio 2017\visual studio\Common7\IDE\VC\VCTargets\Microsoft.CppBuild.targets" from project "D:\Documents2\Vulkan\FleX-master\extensions\compiler\vc14win64\flexExtD3D.vcxproj" (target "BuildCompile" depends on it):
     1>Done building target "_BuildCompileAction" in project "flexExtD3D.vcxproj".
     1>Target "BuildCompile" in file "D:\Documents2\Visual Studio 2017\visual studio\MSBuild\15.0\Bin\Microsoft.Common.CurrentVersion.targets" from project "D:\Documents2\Vulkan\FleX-master\extensions\compiler\vc14win64\flexExtD3D.vcxproj" (target "Build" depends on it):
     1>Done building target "BuildCompile" in project "flexExtD3D.vcxproj".
       Target "PrepareProjectReferences" skipped. Previously built successfully.
     1>Target "BuildLinkTraverse" in file "D:\Documents2\Visual Studio 2017\visual studio\MSBuild\15.0\Bin\Microsoft.Common.CurrentVersion.targets" from project "D:\Documents2\Vulkan\FleX-master\extensions\compiler\vc14win64\flexExtD3D.vcxproj" (target "BuildLink" depends on it):
       Task "MSBuild" skipped, due to false condition; ('$(BuildPassReferences)' == 'true' and '@(ProjectReferenceWithConfiguration)' != '' and '@(_MSBuildProjectReferenceExistent)' != ''  and '%(_MSBuildProjectReferenceExistent.BuildReference)' == 'true') was evaluated as ('' == 'true' and '' != '' and '' != ''  and '' == 'true').
     1>Done building target "BuildLinkTraverse" in project "flexExtD3D.vcxproj".
       Target "PrepareForBuild" skipped. Previously built successfully.
       Target "ResolveReferences" skipped. Previously built successfully.
     1>Target "ComputeLegacyManifestEmbedding" in file "D:\Documents2\Visual Studio 2017\visual studio\Common7\IDE\VC\VCTargets\Microsoft.CppBuild.targets" from project "D:\Documents2\Vulkan\FleX-master\extensions\compiler\vc14win64\flexExtD3D.vcxproj" (target "_BuildLinkAction" depends on it):
       Task "VCMessage" skipped, due to false condition; ('$(RevertManifestEmbedding)' == 'true' and '$(_LegacyManifestEmbeddingDebug)' == 'true') was evaluated as ('' == 'true' and '' == 'true').
     1>Done building target "ComputeLegacyManifestEmbedding" in project "flexExtD3D.vcxproj".
     1>Target "BeforeLink" in file "D:\Documents2\Visual Studio 2017\visual studio\Common7\IDE\VC\VCTargets\Microsoft.CppBuild.targets" from project "D:\Documents2\Vulkan\FleX-master\extensions\compiler\vc14win64\flexExtD3D.vcxproj" (target "_Link" depends on it):
     1>Done building target "BeforeLink" in project "flexExtD3D.vcxproj".
     1>Target "ComputeRCOutputs" in file "D:\Documents2\Visual Studio 2017\visual studio\Common7\IDE\VC\VCTargets\Microsoft.CppBuild.targets" from project "D:\Documents2\Vulkan\FleX-master\extensions\compiler\vc14win64\flexExtD3D.vcxproj" (target "ComputeRCGeneratedLinkInputs" depends on it):
     1>Done building target "ComputeRCOutputs" in project "flexExtD3D.vcxproj".
     1>Target "ComputeRCGeneratedLinkInputs" in file "D:\Documents2\Visual Studio 2017\visual studio\Common7\IDE\VC\VCTargets\Microsoft.CppBuild.targets" from project "D:\Documents2\Vulkan\FleX-master\extensions\compiler\vc14win64\flexExtD3D.vcxproj" (target "_Link" depends on it):
     1>Done building target "ComputeRCGeneratedLinkInputs" in project "flexExtD3D.vcxproj".
     1>Target "ComputeManifestGeneratedLinkerInputs" in file "D:\Documents2\Visual Studio 2017\visual studio\Common7\IDE\VC\VCTargets\Microsoft.CppBuild.targets" from project "D:\Documents2\Vulkan\FleX-master\extensions\compiler\vc14win64\flexExtD3D.vcxproj" (target "_Link" depends on it):
     1>Done building target "ComputeManifestGeneratedLinkerInputs" in project "flexExtD3D.vcxproj".
     1>Target "ComputeCustomBuildOutput" in file "D:\Documents2\Visual Studio 2017\visual studio\Common7\IDE\VC\VCTargets\Microsoft.CppBuild.targets" from project "D:\Documents2\Vulkan\FleX-master\extensions\compiler\vc14win64\flexExtD3D.vcxproj" (target "_Link" depends on it):
       Task "CreateItem" skipped, due to false condition; ('%(CustomBuildOutputs.OutputItemType)'!='') was evaluated as (''!='').
       Task "MakeDir"
       Done executing task "MakeDir".
     1>Done building target "ComputeCustomBuildOutput" in project "flexExtD3D.vcxproj".
       Target "ComputeMIDLGeneratedCompileInputs" skipped. Previously built successfully.
       Target "ComputeCLInputPDBName" skipped. Previously built successfully.
       Target "ComputeReferenceCLInput" skipped. Previously built successfully.
       Target "WarnCompileDuplicatedFilename" skipped. Previously built successfully.
       Target "FixupCLCompileOptions" skipped. Previously built successfully.
     1>Target "ComputeCLOutputs" in file "D:\Documents2\Visual Studio 2017\visual studio\Common7\IDE\VC\VCTargets\Microsoft.CppBuild.targets" from project "D:\Documents2\Vulkan\FleX-master\extensions\compiler\vc14win64\flexExtD3D.vcxproj" (target "ComputeCLGeneratedLinkInputs" depends on it):
     1>Done building target "ComputeCLOutputs" in project "flexExtD3D.vcxproj".
     1>Target "ComputeCLGeneratedLinkInputs" in file "D:\Documents2\Visual Studio 2017\visual studio\Common7\IDE\VC\VCTargets\Microsoft.CppBuild.targets" from project "D:\Documents2\Vulkan\FleX-master\extensions\compiler\vc14win64\flexExtD3D.vcxproj" (target "_Link" depends on it):
     1>Done building target "ComputeCLGeneratedLinkInputs" in project "flexExtD3D.vcxproj".
     1>Target "ComputeLinkInputsFromProject" in file "D:\Documents2\Visual Studio 2017\visual studio\Common7\IDE\VC\VCTargets\Microsoft.CppBuild.targets" from project "D:\Documents2\Vulkan\FleX-master\extensions\compiler\vc14win64\flexExtD3D.vcxproj" (target "_Link" depends on it):
     1>Done building target "ComputeLinkInputsFromProject" in project "flexExtD3D.vcxproj".
       Target "ComputeReferenceLinkInputs" skipped, due to false condition; (@(ProjectReference) != '') was evaluated as ( != '').
     1>Target "ComputeManifestInputsTargets" in file "D:\Documents2\Visual Studio 2017\visual studio\Common7\IDE\VC\VCTargets\Microsoft.CppBuild.targets" from project "D:\Documents2\Vulkan\FleX-master\extensions\compiler\vc14win64\flexExtD3D.vcxproj" (target "_Link" depends on it):
     1>Done building target "ComputeManifestInputsTargets" in project "flexExtD3D.vcxproj".
       Target "ManifestResourceCompile" skipped, due to false condition; ('$(EmbedManifestBy)' == 'LINK' and '@(Manifest)' != '') was evaluated as ('MT' == 'LINK' and '' != '').
       Target "AssignWinFXEmbeddedResource" skipped, due to false condition; ('@(WinFXEmbeddedResource)' != '') was evaluated as ('' != '').
     1>Target "AssignTargetPaths" in file "D:\Documents2\Visual Studio 2017\visual studio\MSBuild\15.0\Bin\Microsoft.Common.CurrentVersion.targets" from project "D:\Documents2\Vulkan\FleX-master\extensions\compiler\vc14win64\flexExtD3D.vcxproj" (target "PrepareResourceNames" depends on it):
       Using "AssignTargetPath" task from assembly "Microsoft.Build.Tasks.Core, Version=15.1.0.0, Culture=neutral, PublicKeyToken=b03f5f7f11d50a3a".
       Task "AssignTargetPath"
       Done executing task "AssignTargetPath".
       Task "AssignTargetPath"
       Done executing task "AssignTargetPath".
       Task "AssignTargetPath"
       Done executing task "AssignTargetPath".
       Task "AssignTargetPath"
       Done executing task "AssignTargetPath".
       Task "AssignTargetPath" skipped, due to false condition; ('@(_DeploymentBaseManifestWithTargetPath)'=='' and '%(None.Extension)'=='.manifest') was evaluated as (''=='' and '.hlsl'=='.manifest').
     1>Done building target "AssignTargetPaths" in project "flexExtD3D.vcxproj".
       Target "AssignTargetPaths" skipped. Previously built successfully.
     1>Target "SplitResourcesByCulture" in file "D:\Documents2\Visual Studio 2017\visual studio\MSBuild\15.0\Bin\Microsoft.Common.CurrentVersion.targets" from project "D:\Documents2\Vulkan\FleX-master\extensions\compiler\vc14win64\flexExtD3D.vcxproj" (target "PrepareResourceNames" depends on it):
       Task "Warning" skipped, due to false condition; ('@(ResxWithNoCulture)'!='') was evaluated as (''!='').
       Task "Warning" skipped, due to false condition; ('@(ResxWithCulture)'!='') was evaluated as (''!='').
       Task "Warning" skipped, due to false condition; ('@(NonResxWithCulture)'!='') was evaluated as (''!='').
       Task "Warning" skipped, due to false condition; ('@(NonResxWithNoCulture)'!='') was evaluated as (''!='').
       Using "AssignCulture" task from assembly "Microsoft.Build.Tasks.Core, Version=15.1.0.0, Culture=neutral, PublicKeyToken=b03f5f7f11d50a3a".
       Task "AssignCulture"
       Done executing task "AssignCulture".
     1>Done building target "SplitResourcesByCulture" in project "flexExtD3D.vcxproj".
       Target "CreateManifestResourceNames" skipped, due to false condition; ('@(EmbeddedResource)' != '') was evaluated as ('' != '').
     1>Target "CreateCustomManifestResourceNames" in file "D:\Documents2\Visual Studio 2017\visual studio\MSBuild\15.0\Bin\Microsoft.Common.CurrentVersion.targets" from project "D:\Documents2\Vulkan\FleX-master\extensions\compiler\vc14win64\flexExtD3D.vcxproj" (target "PrepareResourceNames" depends on it):
     1>Done building target "CreateCustomManifestResourceNames" in project "flexExtD3D.vcxproj".
     1>Target "PrepareResourceNames" in file "D:\Documents2\Visual Studio 2017\visual studio\MSBuild\15.0\Bin\Microsoft.Common.CurrentVersion.targets" from project "D:\Documents2\Vulkan\FleX-master\extensions\compiler\vc14win64\flexExtD3D.vcxproj" (target "_Link" depends on it):
     1>Done building target "PrepareResourceNames" in project "flexExtD3D.vcxproj".
     1>Target "MakeDirsForLink" in file "D:\Documents2\Visual Studio 2017\visual studio\Common7\IDE\VC\VCTargets\Microsoft.CppBuild.targets" from project "D:\Documents2\Vulkan\FleX-master\extensions\compiler\vc14win64\flexExtD3D.vcxproj" (target "_Link" depends on it):
       Task "MakeDir"
       Done executing task "MakeDir".
     1>Done building target "MakeDirsForLink" in project "flexExtD3D.vcxproj".
     1>Target "DoLinkOutputFilesMatch" in file "D:\Documents2\Visual Studio 2017\visual studio\Common7\IDE\VC\VCTargets\Microsoft.CppBuild.targets" from project "D:\Documents2\Vulkan\FleX-master\extensions\compiler\vc14win64\flexExtD3D.vcxproj" (target "_Link" depends on it):
       Task "VCMessage" skipped, due to false condition; ('@(_OutputFileFromLink)' == '') was evaluated as ('./../../../bin/win64\NvFlexExtDebugD3D_x64.dll' == '').
       Task "VCMessage" skipped, due to false condition; ('@(_OutputFileFromLink)' != '' and '%(_OutputFileFromLink.FullPath)' != '$([System.IO.Path]::GetFullPath($(TargetPath)))') was evaluated as ('./../../../bin/win64\NvFlexExtDebugD3D_x64.dll' != '' and 'D:\Documents2\Vulkan\FleX-master\bin\win64\NvFlexExtDebugD3D_x64.dll' != 'D:\Documents2\Vulkan\FleX-master\bin\win64\NvFlexExtDebugD3D_x64.dll').
       Task "VCMessage" skipped, due to false condition; ('@(_OutputFileFromLink)' != '' and '%(_OutputFileFromLink.Extension)' != '' and '%(_OutputFileFromLink.Extension)' != '$(TargetExt)') was evaluated as ('./../../../bin/win64\NvFlexExtDebugD3D_x64.dll' != '' and '.dll' != '' and '.dll' != '.dll').
       Task "VCMessage" skipped, due to false condition; ('@(_OutputFileFromLink)' != '' and '%(_OutputFileFromLink.Filename)' != '' and '%(_OutputFileFromLink.Filename)' != '$(TargetName)') was evaluated as ('./../../../bin/win64\NvFlexExtDebugD3D_x64.dll' != '' and 'NvFlexExtDebugD3D_x64' != '' and 'NvFlexExtDebugD3D_x64' != 'NvFlexExtDebugD3D_x64').
       Task "VCMessage" skipped, due to false condition; ('%(Link.MinimumRequiredVersion)' != '' and ('%(Link.Subsystem)' == '' or '%(Link.Subsystem)' == 'NotSet')) was evaluated as ('' != '' and ('Console' == '' or 'Console' == 'NotSet')).
     1>Done building target "DoLinkOutputFilesMatch" in project "flexExtD3D.vcxproj".
     1>Target "PreLinkEvent" in file "D:\Documents2\Visual Studio 2017\visual studio\Common7\IDE\VC\VCTargets\Microsoft.CppCommon.targets" from project "D:\Documents2\Vulkan\FleX-master\extensions\compiler\vc14win64\flexExtD3D.vcxproj" (target "_Link" depends on it):
       Task "Message" skipped, due to false condition; ('%(PreLinkEvent.Message)' != '' and '%(PreLinkEvent.Command)' != '') was evaluated as ('' != '' and '' != '').
       Task "Exec" skipped, due to false condition; ('%(PreLinkEvent.Command)' != '') was evaluated as ('' != '').
     1>Done building target "PreLinkEvent" in project "flexExtD3D.vcxproj".
     1>Target "ComputeLinkSwitches" in file "D:\Documents2\Visual Studio 2017\visual studio\Common7\IDE\VC\VCTargets\Microsoft.CppCommon.targets" from project "D:\Documents2\Vulkan\FleX-master\extensions\compiler\vc14win64\flexExtD3D.vcxproj" (target "Link" depends on it):
     1>Done building target "ComputeLinkSwitches" in project "flexExtD3D.vcxproj".
     1>Target "Link" in file "D:\Documents2\Visual Studio 2017\visual studio\Common7\IDE\VC\VCTargets\Microsoft.CppCommon.targets" from project "D:\Documents2\Vulkan\FleX-master\extensions\compiler\vc14win64\flexExtD3D.vcxproj" (target "_Link" depends on it):
       Using "Link" task from assembly "D:\Documents2\Visual Studio 2017\visual studio\Common7\IDE\VC\VCTargets\Microsoft.Build.CppTasks.Common.dll".
       Task "Link"
         All source files are not up-to-date: missing command TLog "D:\Documents2\Vulkan\FleX-master\extensions\compiler\vc14win64\build\win64\DX\debug\flexExtD3D.tlog\link.command.1.tlog".
         Environment Variables passed to tool:
           VS_UNICODE_OUTPUT=876
         D:\Documents2\Visual Studio 2017\visual studio\VC\Tools\MSVC\14.16.27023\bin\HostX86\x64\link.exe /ERRORREPORT:PROMPT /OUT:"./../../../bin/win64\NvFlexExtDebugD3D_x64.dll" /NOLOGO /LIBPATH:./../../../external/D3D11/libs/x64 /LIBPATH:./../../../external/D3D12/libs/x64 /LIBPATH:./../../../lib/win64 kernel32.lib user32.lib gdi32.lib winspool.lib comdlg32.lib advapi32.lib shell32.lib ole32.lib oleaut32.lib uuid.lib odbc32.lib odbccp32.lib delayimp.lib ./../../../lib/win64/NvFlexDebugD3D_x64.lib kernel32.lib user32.lib gdi32.lib winspool.lib comdlg32.lib advapi32.lib shell32.lib ole32.lib oleaut32.lib uuid.lib odbc32.lib odbccp32.lib /MANIFEST /MANIFESTUAC:"level='asInvoker' uiAccess='false'" /manifest:embed /DEBUG /PDB:"./../../../bin/win64\/NvFlexExtDebugD3D_x64.dll.pdb" /SUBSYSTEM:CONSOLE /TLBID:1 /DYNAMICBASE /NXCOMPAT /IMPLIB:"./../../../lib/win64/NvFlexExtDebugD3D_x64.lib" /MACHINE:X64 /DELAYLOAD:d3d11.dll /DELAYLOAD:d3d12.dll /DELAYLOAD:dxgi.dll /DLL ./build/win64/DX/debug\sdf.obj
         ./build/win64/DX/debug\voxelize.obj
         ./build/win64/DX/debug\maths.obj
         ./build/win64/DX/debug\aabbtree.obj
         ./build/win64/DX/debug\flexExt.obj
         ./build/win64/DX/debug\flexExtCloth.obj
         ./build/win64/DX/debug\flexExtRigid.obj
         ./build/win64/DX/debug\flexExtSoft.obj
         ./build/win64/DX/debug\flexExtMovingFrame.obj
         ./build/win64/DX/debug\flexExtContainer.obj
         Tracking command:
         D:\Documents2\Visual Studio 2017\visual studio\MSBuild\15.0\Bin\Tracker.exe /a /d "C:\Program Files (x86)\MSBuild\15.0\FileTracker\FileTracker32.dll" /i D:\Documents2\Vulkan\FleX-master\extensions\compiler\vc14win64\build\win64\DX\debug\flexExtD3D.tlog /r "D:\DOCUMENTS2\VULKAN\FLEX-MASTER\EXTENSIONS\COMPILER\VC14WIN64\BUILD\WIN64\DX\DEBUG\AABBTREE.OBJ|D:\DOCUMENTS2\VULKAN\FLEX-MASTER\EXTENSIONS\COMPILER\VC14WIN64\BUILD\WIN64\DX\DEBUG\FLEXEXT.OBJ|D:\DOCUMENTS2\VULKAN\FLEX-MASTER\EXTENSIONS\COMPILER\VC14WIN64\BUILD\WIN64\DX\DEBUG\FLEXEXTCLOTH.OBJ|D:\DOCUMENTS2\VULKAN\FLEX-MASTER\EXTENSIONS\COMPILER\VC14WIN64\BUILD\WIN64\DX\DEBUG\FLEXEXTCONTAINER.OBJ|D:\DOCUMENTS2\VULKAN\FLEX-MASTER\EXTENSIONS\COMPILER\VC14WIN64\BUILD\WIN64\DX\DEBUG\FLEXEXTMOVINGFRAME.OBJ|D:\DOCUMENTS2\VULKAN\FLEX-MASTER\EXTENSIONS\COMPILER\VC14WIN64\BUILD\WIN64\DX\DEBUG\FLEXEXTRIGID.OBJ|D:\DOCUMENTS2\VULKAN\FLEX-MASTER\EXTENSIONS\COMPILER\VC14WIN64\BUILD\WIN64\DX\DEBUG\FLEXEXTSOFT.OBJ|D:\DOCUMENTS2\VULKAN\FLEX-MASTER\EXTENSIONS\COMPILER\VC14WIN64\BUILD\WIN64\DX\DEBUG\MATHS.OBJ|D:\DOCUMENTS2\VULKAN\FLEX-MASTER\EXTENSIONS\COMPILER\VC14WIN64\BUILD\WIN64\DX\DEBUG\SDF.OBJ|D:\DOCUMENTS2\VULKAN\FLEX-MASTER\EXTENSIONS\COMPILER\VC14WIN64\BUILD\WIN64\DX\DEBUG\VOXELIZE.OBJ" /b MSBuildConsole_CancelEvent8b76f50d047541ffb6543e6e05d8ccad  /c "D:\Documents2\Visual Studio 2017\visual studio\VC\Tools\MSVC\14.16.27023\bin\HostX86\x64\link.exe"  /ERRORREPORT:PROMPT /OUT:"./../../../bin/win64\NvFlexExtDebugD3D_x64.dll" /NOLOGO /LIBPATH:./../../../external/D3D11/libs/x64 /LIBPATH:./../../../external/D3D12/libs/x64 /LIBPATH:./../../../lib/win64 kernel32.lib user32.lib gdi32.lib winspool.lib comdlg32.lib advapi32.lib shell32.lib ole32.lib oleaut32.lib uuid.lib odbc32.lib odbccp32.lib delayimp.lib ./../../../lib/win64/NvFlexDebugD3D_x64.lib kernel32.lib user32.lib gdi32.lib winspool.lib comdlg32.lib advapi32.lib shell32.lib ole32.lib oleaut32.lib uuid.lib odbc32.lib odbccp32.lib /MANIFEST /MANIFESTUAC:"level='asInvoker' uiAccess='false'" /manifest:embed /DEBUG /PDB:"./../../../bin/win64\/NvFlexExtDebugD3D_x64.dll.pdb" /SUBSYSTEM:CONSOLE /TLBID:1 /DYNAMICBASE /NXCOMPAT /IMPLIB:"./../../../lib/win64/NvFlexExtDebugD3D_x64.lib" /MACHINE:X64 /DELAYLOAD:d3d11.dll /DELAYLOAD:d3d12.dll /DELAYLOAD:dxgi.dll /DLL ./build/win64/DX/debug\sdf.obj
         ./build/win64/DX/debug\voxelize.obj
         ./build/win64/DX/debug\maths.obj
         ./build/win64/DX/debug\aabbtree.obj
         ./build/win64/DX/debug\flexExt.obj
         ./build/win64/DX/debug\flexExtCloth.obj
         ./build/win64/DX/debug\flexExtRigid.obj
         ./build/win64/DX/debug\flexExtSoft.obj
         ./build/win64/DX/debug\flexExtMovingFrame.obj
         ./build/win64/DX/debug\flexExtContainer.obj
            Creating library ./../../../lib/win64/NvFlexExtDebugD3D_x64.lib and object ./../../../lib/win64/NvFlexExtDebugD3D_x64.exp
     1>LINK : warning LNK4199: /DELAYLOAD:d3d11.dll ignored; no imports found from d3d11.dll
     1>LINK : warning LNK4199: /DELAYLOAD:d3d12.dll ignored; no imports found from d3d12.dll
     1>LINK : warning LNK4199: /DELAYLOAD:dxgi.dll ignored; no imports found from dxgi.dll
       Done executing task "Link".
       Task "Message"
         flexExtD3D.vcxproj -> D:\Documents2\Vulkan\FleX-master\extensions\compiler\vc14win64\./../../../bin/win64\NvFlexExtDebugD3D_x64.dll
       Done executing task "Message".
       Task "VCMessage" skipped, due to false condition; (('$(EmbedManifestBy)' != 'LINK' or '$(LegacyManifestEmbedding)' != 'true' or '$(LinkSkippedExecution)' == 'true') and
                    %(Link.GenerateDebugInformation) == 'DebugFastLink' and %(Link.ProgramDataBaseFileName) != '') was evaluated as (('MT' != 'LINK' or '' != 'true' or 'False' == 'true') and
                    true == 'DebugFastLink' and  != '').
       Task "VCMessage" skipped, due to false condition; (('$(EmbedManifestBy)' != 'LINK' or '$(LegacyManifestEmbedding)' != 'true' or '$(LinkSkippedExecution)' == 'true') and
                    %(Link.GenerateDebugInformation) == 'true' and %(Link.ProgramDataBaseFileName) != '') was evaluated as (('MT' != 'LINK' or '' != 'true' or 'False' == 'true') and
                    true == 'true' and  != '').
     1>Done building target "Link" in project "flexExtD3D.vcxproj".
       Target "MetaGenInputsOutputs" skipped, due to false condition; ('$(EnableManagedIncrementalBuild)' == 'True') was evaluated as ('false' == 'True').
       Target "ComputeMetaGenInputs" skipped, due to false condition; ('$(CLRSupport)'!='' and '$(CLRSupport)'!='false') was evaluated as ('false'!='' and 'false'!='false').
       Target "MetaGen" skipped, due to false condition; ('@(MetaGen)' != '') was evaluated as ('' != '').
     1>Target "ComputeLinkImportLibraryOutputsForClean" in file "D:\Documents2\Visual Studio 2017\visual studio\Common7\IDE\VC\VCTargets\Microsoft.CppBuild.targets" from project "D:\Documents2\Vulkan\FleX-master\extensions\compiler\vc14win64\flexExtD3D.vcxproj" (target "_Link" depends on it):
       Task "WriteLinesToFile"
       Done executing task "WriteLinesToFile".
     1>Done building target "ComputeLinkImportLibraryOutputsForClean" in project "flexExtD3D.vcxproj".
     1>Target "AfterLink" in file "D:\Documents2\Visual Studio 2017\visual studio\Common7\IDE\VC\VCTargets\Microsoft.CppBuild.targets" from project "D:\Documents2\Vulkan\FleX-master\extensions\compiler\vc14win64\flexExtD3D.vcxproj" (target "_Link" depends on it):
     1>Done building target "AfterLink" in project "flexExtD3D.vcxproj".
     1>Target "_Link" in file "D:\Documents2\Visual Studio 2017\visual studio\Common7\IDE\VC\VCTargets\Microsoft.CppBuild.targets" from project "D:\Documents2\Vulkan\FleX-master\extensions\compiler\vc14win64\flexExtD3D.vcxproj" (target "_BuildLinkAction" depends on it):
     1>Done building target "_Link" in project "flexExtD3D.vcxproj".
     1>Target "_ALink" in file "D:\Documents2\Visual Studio 2017\visual studio\Common7\IDE\VC\VCTargets\Microsoft.CppBuild.targets" from project "D:\Documents2\Vulkan\FleX-master\extensions\compiler\vc14win64\flexExtD3D.vcxproj" (target "_BuildLinkAction" depends on it):
     1>Done building target "_ALink" in project "flexExtD3D.vcxproj".
       Target "ComputeLegacyManifestEmbedding" skipped. Previously built successfully.
     1>Target "_Manifest" in file "D:\Documents2\Visual Studio 2017\visual studio\Common7\IDE\VC\VCTargets\Microsoft.CppBuild.targets" from project "D:\Documents2\Vulkan\FleX-master\extensions\compiler\vc14win64\flexExtD3D.vcxproj" (target "_BuildLinkAction" depends on it):
       Task "CallTarget" skipped, due to false condition; ('$(LegacyManifestEmbedding)' == 'true') was evaluated as ('' == 'true').
     1>Done building target "_Manifest" in project "flexExtD3D.vcxproj".
     1>Target "RegisterOutput" in file "D:\Documents2\Visual Studio 2017\visual studio\Common7\IDE\VC\VCTargets\Microsoft.CppCommon.targets" from project "D:\Documents2\Vulkan\FleX-master\extensions\compiler\vc14win64\flexExtD3D.vcxproj" (target "_BuildLinkAction" depends on it):
       Task "Exec" skipped, due to false condition; ('$(ConfigurationType)'=='DynamicLibrary' and '%(Link.RegisterOutput)'=='true' and '%(Link.PerUserRedirection)'!='true') was evaluated as ('DynamicLibrary'=='DynamicLibrary' and 'false'=='true' and 'false'!='true').
       Task "Exec" skipped, due to false condition; ('$(ConfigurationType)'=='DynamicLibrary' and '%(Link.RegisterOutput)'=='true' and '%(Link.PerUserRedirection)'=='true') was evaluated as ('DynamicLibrary'=='DynamicLibrary' and 'false'=='true' and 'false'=='true').
       Task "Exec" skipped, due to false condition; ('$(ConfigurationType)'=='Application' and '%(Link.RegisterOutput)'=='true' and '%(Link.PerUserRedirection)'!='true') was evaluated as ('DynamicLibrary'=='Application' and 'false'=='true' and 'false'!='true').
       Task "Exec" skipped, due to false condition; ('$(ConfigurationType)'=='Application' and '%(Link.RegisterOutput)'=='true' and '%(Link.PerUserRedirection)'=='true') was evaluated as ('DynamicLibrary'=='Application' and 'false'=='true' and 'false'=='true').
       Task "VCMessage" skipped, due to false condition; ('$(_RegisterOutputExitCode)' != '' and '$(_RegisterOutputExitCode)' != '0') was evaluated as ('' != '' and '' != '0').
     1>Done building target "RegisterOutput" in project "flexExtD3D.vcxproj".
       Target "PrepareForBuild" skipped. Previously built successfully.
       Target "ResolveReferences" skipped. Previously built successfully.
     1>Target "ResolvedXDCMake" in file "D:\Documents2\Visual Studio 2017\visual studio\Common7\IDE\VC\VCTargets\Microsoft.CppBuild.targets" from project "D:\Documents2\Vulkan\FleX-master\extensions\compiler\vc14win64\flexExtD3D.vcxproj" (target "_XdcMake" depends on it):
       Task "MSBuild" skipped, due to false condition; ('%(_MSBuildProjectReferenceExistent.Extension)' == '.vcxproj' and '@(ProjectReferenceWithConfiguration)' != '' and '@(_MSBuildProjectReferenceExistent)' != '' and '$(_ClCompileGenerateXMLDocumentationFiles)' == 'true') was evaluated as ('' == '.vcxproj' and '' != '' and '' != '' and '' == 'true').
     1>Done building target "ResolvedXDCMake" in project "flexExtD3D.vcxproj".
     1>Target "ComputeCLCompileGeneratedXDCFiles" in file "D:\Documents2\Visual Studio 2017\visual studio\Common7\IDE\VC\VCTargets\Microsoft.CppBuild.targets" from project "D:\Documents2\Vulkan\FleX-master\extensions\compiler\vc14win64\flexExtD3D.vcxproj" (target "_XdcMake" depends on it):
     1>Done building target "ComputeCLCompileGeneratedXDCFiles" in project "flexExtD3D.vcxproj".
     1>Target "MakeDirsForXdcMake" in file "D:\Documents2\Visual Studio 2017\visual studio\Common7\IDE\VC\VCTargets\Microsoft.CppBuild.targets" from project "D:\Documents2\Vulkan\FleX-master\extensions\compiler\vc14win64\flexExtD3D.vcxproj" (target "_XdcMake" depends on it):
       Task "MakeDir"
       Done executing task "MakeDir".
     1>Done building target "MakeDirsForXdcMake" in project "flexExtD3D.vcxproj".
       Target "XdcMake" skipped, due to false condition; ('@(XdcMake)' != '') was evaluated as ('' != '').
     1>Target "_XdcMake" in file "D:\Documents2\Visual Studio 2017\visual studio\Common7\IDE\VC\VCTargets\Microsoft.CppBuild.targets" from project "D:\Documents2\Vulkan\FleX-master\extensions\compiler\vc14win64\flexExtD3D.vcxproj" (target "_BuildLinkAction" depends on it):
     1>Done building target "_XdcMake" in project "flexExtD3D.vcxproj".
     1>Target "ComputeCLCompileGeneratedSbrFiles" in file "D:\Documents2\Visual Studio 2017\visual studio\Common7\IDE\VC\VCTargets\Microsoft.CppBuild.targets" from project "D:\Documents2\Vulkan\FleX-master\extensions\compiler\vc14win64\flexExtD3D.vcxproj" (target "_BscMake" depends on it):
     1>Done building target "ComputeCLCompileGeneratedSbrFiles" in project "flexExtD3D.vcxproj".
     1>Target "MakeDirsForBscMake" in file "D:\Documents2\Visual Studio 2017\visual studio\Common7\IDE\VC\VCTargets\Microsoft.CppBuild.targets" from project "D:\Documents2\Vulkan\FleX-master\extensions\compiler\vc14win64\flexExtD3D.vcxproj" (target "_BscMake" depends on it):
       Task "MakeDir"
       Done executing task "MakeDir".
     1>Done building target "MakeDirsForBscMake" in project "flexExtD3D.vcxproj".
       Target "BscMake" skipped, due to false condition; ('@(BscMake)' != '') was evaluated as ('' != '').
       Target "CustomBuildStep" skipped, due to false condition; ('@(CustomBuildStep)' != '' and '$(SelectedFiles)'=='') was evaluated as ('' != '' and ''=='').
     1>Target "_BscMake" in file "D:\Documents2\Visual Studio 2017\visual studio\Common7\IDE\VC\VCTargets\Microsoft.CppBuild.targets" from project "D:\Documents2\Vulkan\FleX-master\extensions\compiler\vc14win64\flexExtD3D.vcxproj" (target "_BuildLinkAction" depends on it):
     1>Done building target "_BscMake" in project "flexExtD3D.vcxproj".
     1>Target "_GenerateSatelliteAssemblyInputs" in file "D:\Documents2\Visual Studio 2017\visual studio\MSBuild\15.0\Bin\Microsoft.Common.CurrentVersion.targets" from project "D:\Documents2\Vulkan\FleX-master\extensions\compiler\vc14win64\flexExtD3D.vcxproj" (target "CreateSatelliteAssemblies" depends on it):
       Task "Warning" skipped, due to false condition; ('@(ManifestResourceWithCulture)'!='' and '%(ManifestResourceWithCulture.EmittedForCompatibilityOnly)'=='') was evaluated as (''!='' and ''=='').
       Task "Warning" skipped, due to false condition; ('@(ManifestNonResxWithCultureOnDisk)'!='' and '%(ManifestNonResxWithCultureOnDisk.EmittedForCompatibilityOnly)'=='') was evaluated as (''!='' and ''=='').
     1>Done building target "_GenerateSatelliteAssemblyInputs" in project "flexExtD3D.vcxproj".
       Target "ComputeIntermediateSatelliteAssemblies" skipped, due to false condition; (@(ReferenceSatellitePaths->'%(DestinationSubDirectory)') != '') was evaluated as ( != '').
       Target "GenerateSatelliteAssemblies" skipped, due to false condition; ('@(_SatelliteAssemblyResourceInputs)' != '') was evaluated as ('' != '').
     1>Target "CreateSatelliteAssemblies" in file "D:\Documents2\Visual Studio 2017\visual studio\MSBuild\15.0\Bin\Microsoft.Common.CurrentVersion.targets" from project "D:\Documents2\Vulkan\FleX-master\extensions\compiler\vc14win64\flexExtD3D.vcxproj" (target "_BuildLinkAction" depends on it):
     1>Done building target "CreateSatelliteAssemblies" in project "flexExtD3D.vcxproj".
     1>Target "_Appverifier" in file "D:\Documents2\Visual Studio 2017\visual studio\Common7\IDE\VC\VCTargets\Microsoft.CppBuild.targets" from project "D:\Documents2\Vulkan\FleX-master\extensions\compiler\vc14win64\flexExtD3D.vcxproj" (target "_BuildLinkAction" depends on it):
     1>Done building target "_Appverifier" in project "flexExtD3D.vcxproj".
     1>Target "_Deploy" in file "D:\Documents2\Visual Studio 2017\visual studio\Common7\IDE\VC\VCTargets\Microsoft.CppBuild.targets" from project "D:\Documents2\Vulkan\FleX-master\extensions\compiler\vc14win64\flexExtD3D.vcxproj" (target "_BuildLinkAction" depends on it):
     1>Done building target "_Deploy" in project "flexExtD3D.vcxproj".
       Target "ComputeIntermediateSatelliteAssemblies" skipped, due to false condition; (@(ReferenceSatellitePaths->'%(DestinationSubDirectory)') != '') was evaluated as ( != '').
       Target "_CopyFilesMarkedCopyLocal" skipped, due to false condition; ('@(ReferenceCopyLocalPaths)' != '') was evaluated as ('' != '').
       Target "AssignTargetPaths" skipped. Previously built successfully.
       Target "_SplitProjectReferencesByFileExistence" skipped. Previously built successfully.
       Target "_GetProjectReferenceTargetFrameworkProperties" skipped. Previously built successfully.
     1>Target "GetCopyToOutputDirectoryXamlAppDefs" in file "C:\Windows\Microsoft.NET\Framework\v4.0.30319\Microsoft.Xaml.targets" from project "D:\Documents2\Vulkan\FleX-master\extensions\compiler\vc14win64\flexExtD3D.vcxproj" (target "GetCopyToOutputDirectoryItems" depends on it):
       Task "AssignTargetPath"
       Done executing task "AssignTargetPath".
     1>Done building target "GetCopyToOutputDirectoryXamlAppDefs" in project "flexExtD3D.vcxproj".
     1>Target "GetCopyToOutputDirectoryItems" in file "D:\Documents2\Visual Studio 2017\visual studio\MSBuild\15.0\Bin\Microsoft.Common.CurrentVersion.targets" from project "D:\Documents2\Vulkan\FleX-master\extensions\compiler\vc14win64\flexExtD3D.vcxproj" (target "_CopySourceItemsToOutputDirectory" depends on it):
       Task "MSBuild" skipped, due to false condition; ('@(_MSBuildProjectReferenceExistent)' != '' and '$(_GetChildProjectCopyToOutputDirectoryItems)' == 'true' and '%(_MSBuildProjectReferenceExistent.Private)' != 'false' and '$(UseCommonOutputDirectory)' != 'true') was evaluated as ('' != '' and 'true' == 'true' and '' != 'false' and 'false' != 'true').
       Task "AssignTargetPath"
       Done executing task "AssignTargetPath".
     1>Done building target "GetCopyToOutputDirectoryItems" in project "flexExtD3D.vcxproj".
       Target "_CopyOutOfDateSourceItemsToOutputDirectory" skipped, due to false condition; ( '@(_SourceItemsToCopyToOutputDirectory)' != '' ) was evaluated as ( '' != '' ).
       Target "_CopyOutOfDateSourceItemsToOutputDirectoryAlways" skipped, due to false condition; ( '@(_SourceItemsToCopyToOutputDirectoryAlways)' != '' ) was evaluated as ( '' != '' ).
     1>Target "_CopySourceItemsToOutputDirectory" in file "D:\Documents2\Visual Studio 2017\visual studio\MSBuild\15.0\Bin\Microsoft.Common.CurrentVersion.targets" from project "D:\Documents2\Vulkan\FleX-master\extensions\compiler\vc14win64\flexExtD3D.vcxproj" (target "CopyFilesToOutputDirectory" depends on it):
     1>Done building target "_CopySourceItemsToOutputDirectory" in project "flexExtD3D.vcxproj".
       Target "_CopyAppConfigFile" skipped, due to false condition; ( '@(AppConfigWithTargetPath)' != '' ) was evaluated as ( '' != '' ).
       Target "_CopyManifestFiles" skipped, due to false condition; ( '$(_DeploymentCopyApplicationManifest)'=='true' or '$(GenerateClickOnceManifests)'=='true' ) was evaluated as ( ''=='true' or ''=='true' ).
     1>Target "_CheckForCompileOutputs" in file "D:\Documents2\Visual Studio 2017\visual studio\MSBuild\15.0\Bin\Microsoft.Common.CurrentVersion.targets" from project "D:\Documents2\Vulkan\FleX-master\extensions\compiler\vc14win64\flexExtD3D.vcxproj" (target "CopyFilesToOutputDirectory" depends on it):
     1>Done building target "_CheckForCompileOutputs" in project "flexExtD3D.vcxproj".
       Target "_SGenCheckForOutputs" skipped, due to false condition; ('$(_SGenGenerateSerializationAssembliesConfig)' == 'On' or ('@(WebReferenceUrl)'!='' and '$(_SGenGenerateSerializationAssembliesConfig)' == 'Auto')) was evaluated as ('Off' == 'On' or (''!='' and 'Off' == 'Auto')).
     1>Target "CopyFilesToOutputDirectory" in file "D:\Documents2\Visual Studio 2017\visual studio\MSBuild\15.0\Bin\Microsoft.Common.CurrentVersion.targets" from project "D:\Documents2\Vulkan\FleX-master\extensions\compiler\vc14win64\flexExtD3D.vcxproj" (target "PrepareForRun" depends on it):
       Task "Copy" skipped, due to false condition; ('$(CopyBuildOutputToOutputDirectory)' == 'true' and '$(SkipCopyBuildProduct)' != 'true') was evaluated as ('true' == 'true' and 'true' != 'true').
       Task "CopyRefAssembly" skipped, due to false condition; ('$(ProduceReferenceAssembly)' == 'true' and '$(CopyBuildOutputToOutputDirectory)' == 'true' and '$(SkipCopyBuildProduct)' != 'true') was evaluated as ('false' == 'true' and 'true' == 'true' and 'true' != 'true').
       Task "Message" skipped, due to false condition; ('$(CopyBuildOutputToOutputDirectory)' == 'true' and '$(SkipCopyBuildProduct)'!='true') was evaluated as ('true' == 'true' and 'true'!='true').
       Task "Copy" skipped, due to false condition; ('@(AddModules)' != '') was evaluated as ('' != '').
       Task "Copy" skipped, due to false condition; ('$(_SGenDllCreated)'=='true') was evaluated as ('false'=='true').
       Task "Copy" skipped, due to false condition; ('$(_DebugSymbolsProduced)'=='true' and '$(SkipCopyingSymbolsToOutputDirectory)' != 'true' and '$(CopyOutputSymbolsToOutputDirectory)'=='true') was evaluated as ('false'=='true' and 'true' != 'true' and 'true'=='true').
       Task "Copy" skipped, due to false condition; ('$(_DocumentationFileProduced)'=='true') was evaluated as ('false'=='true').
       Task "Copy" skipped, due to false condition; ('@(IntermediateSatelliteAssembliesWithTargetPath)' != '') was evaluated as ('' != '').
       Task "Copy" skipped, due to false condition; ('@(ReferenceComWrappersToCopyLocal)' != '' or '@(ResolvedIsolatedComModules)' != '' or '@(_DeploymentLooseManifestFile)' != '' or '@(NativeReferenceFile)' != '' ) was evaluated as ('' != '' or '' != '' or '' != '' or '' != '' ).
       Task "Copy" skipped, due to false condition; ('$(SkipCopyWinMDArtifact)' != 'true' and '@(WinMDExpArtifacts)' != '') was evaluated as ('' != 'true' and '' != '').
       Task "Message" skipped, due to false condition; ('$(SkipCopyWinMDArtifact)' != 'true' and '$(_WindowsMetadataOutputPath)' != '') was evaluated as ('' != 'true' and '' != '').
     1>Done building target "CopyFilesToOutputDirectory" in project "flexExtD3D.vcxproj".
     1>Target "PrepareForRun" in file "D:\Documents2\Visual Studio 2017\visual studio\MSBuild\15.0\Bin\Microsoft.Common.CurrentVersion.targets" from project "D:\Documents2\Vulkan\FleX-master\extensions\compiler\vc14win64\flexExtD3D.vcxproj" (target "_BuildLinkAction" depends on it):
     1>Done building target "PrepareForRun" in project "flexExtD3D.vcxproj".
       Target "CustomBuildStep" skipped, due to false condition; ('@(CustomBuildStep)' != '' and '$(SelectedFiles)'=='') was evaluated as ('' != '' and ''=='').
     1>Target "PostBuildEvent" in file "D:\Documents2\Visual Studio 2017\visual studio\Common7\IDE\VC\VCTargets\Microsoft.CppCommon.targets" from project "D:\Documents2\Vulkan\FleX-master\extensions\compiler\vc14win64\flexExtD3D.vcxproj" (target "_BuildLinkAction" depends on it):
       Task "Message" skipped, due to false condition; ('%(PostBuildEvent.Message)' != '' and '%(PostBuildEvent.Command)' != '') was evaluated as ('' != '' and '' != '').
       Task "Exec" skipped, due to false condition; ('%(PostBuildEvent.Command)' != '') was evaluated as ('' != '').
     1>Done building target "PostBuildEvent" in project "flexExtD3D.vcxproj".
     1>Target "_BuildLinkAction" in file "D:\Documents2\Visual Studio 2017\visual studio\Common7\IDE\VC\VCTargets\Microsoft.CppBuild.targets" from project "D:\Documents2\Vulkan\FleX-master\extensions\compiler\vc14win64\flexExtD3D.vcxproj" (target "BuildLink" depends on it):
     1>Done building target "_BuildLinkAction" in project "flexExtD3D.vcxproj".
     1>Target "BuildLink" in file "D:\Documents2\Visual Studio 2017\visual studio\MSBuild\15.0\Bin\Microsoft.Common.CurrentVersion.targets" from project "D:\Documents2\Vulkan\FleX-master\extensions\compiler\vc14win64\flexExtD3D.vcxproj" (target "Build" depends on it):
     1>Done building target "BuildLink" in project "flexExtD3D.vcxproj".
     1>Target "AfterBuild" in file "D:\Documents2\Visual Studio 2017\visual studio\Common7\IDE\VC\VCTargets\Microsoft.BuildSteps.Targets" from project "D:\Documents2\Vulkan\FleX-master\extensions\compiler\vc14win64\flexExtD3D.vcxproj" (target "Build" depends on it):
     1>Done building target "AfterBuild" in project "flexExtD3D.vcxproj".
     1>Target "FinalizeBuildStatus" in file "D:\Documents2\Visual Studio 2017\visual studio\Common7\IDE\VC\VCTargets\Microsoft.CppBuild.targets" from project "D:\Documents2\Vulkan\FleX-master\extensions\compiler\vc14win64\flexExtD3D.vcxproj" (target "Build" depends on it):
       Task "Delete"
         Deleting file "./build/win64/DX/debug\flexExtD3D.tlog\unsuccessfulbuild".
       Done executing task "Delete".
       Task "Touch"
         Touching "./build/win64/DX/debug\flexExtD3D.tlog\flexExtD3D.lastbuildstate".
       Done executing task "Touch".
     1>Done building target "FinalizeBuildStatus" in project "flexExtD3D.vcxproj".
       Target "_CheckForInvalidConfigurationAndPlatform" skipped. Previously built successfully.
       Target "_CheckForInvalidConfigurationAndPlatform" skipped. Previously built successfully.
     1>Target "Build" in file "D:\Documents2\Visual Studio 2017\visual studio\Common7\IDE\VC\VCTargets\Microsoft.BuildSteps.Targets" from project "D:\Documents2\Vulkan\FleX-master\extensions\compiler\vc14win64\flexExtD3D.vcxproj" (entry point):
     1>Done building target "Build" in project "flexExtD3D.vcxproj".
     1>Done Building Project "D:\Documents2\Vulkan\FleX-master\extensions\compiler\vc14win64\flexExtD3D.vcxproj" (Build target(s)).

Build succeeded.

       "D:\Documents2\Vulkan\FleX-master\extensions\compiler\vc14win64\flexExtD3D.vcxproj" (Build target) (1) ->
       (Link target) -> 
         LINK : warning LNK4199: /DELAYLOAD:d3d11.dll ignored; no imports found from d3d11.dll
         LINK : warning LNK4199: /DELAYLOAD:d3d12.dll ignored; no imports found from d3d12.dll
         LINK : warning LNK4199: /DELAYLOAD:dxgi.dll ignored; no imports found from dxgi.dll

    3 Warning(s)
    0 Error(s)

Time Elapsed 00:00:25.68
